[2022-04-22 02:13:31] local.ERROR: php_network_getaddresses: getaddrinfo failed: Name or service not known {"exception":"[object] (RedisException(code: 0): php_network_getaddresses: getaddrinfo failed: Name or service not known at /home/ploi/manager.tollgate.io/vendor/laravel/framework/src/Illuminate/Redis/Connectors/PhpRedisConnector.php:155)
[stacktrace]
#0 /home/ploi/manager.tollgate.io/vendor/laravel/framework/src/Illuminate/Redis/Connectors/PhpRedisConnector.php(155): Redis->connect()
#1 /home/ploi/manager.tollgate.io/vendor/laravel/framework/src/Illuminate/Redis/Connectors/PhpRedisConnector.php(84): Illuminate\\Redis\\Connectors\\PhpRedisConnector->establishConnection()
#2 /home/ploi/manager.tollgate.io/vendor/laravel/framework/src/Illuminate/Support/helpers.php(302): Illuminate\\Redis\\Connectors\\PhpRedisConnector->Illuminate\\Redis\\Connectors\\{closure}()
#3 /home/ploi/manager.tollgate.io/vendor/laravel/framework/src/Illuminate/Redis/Connectors/PhpRedisConnector.php(125): tap()
#4 /home/ploi/manager.tollgate.io/vendor/laravel/framework/src/Illuminate/Redis/Connectors/PhpRedisConnector.php(28): Illuminate\\Redis\\Connectors\\PhpRedisConnector->createClient()
#5 /home/ploi/manager.tollgate.io/vendor/laravel/framework/src/Illuminate/Redis/Connectors/PhpRedisConnector.php(32): Illuminate\\Redis\\Connectors\\PhpRedisConnector->Illuminate\\Redis\\Connectors\\{closure}()
#6 /home/ploi/manager.tollgate.io/vendor/laravel/framework/src/Illuminate/Redis/RedisManager.php(112): Illuminate\\Redis\\Connectors\\PhpRedisConnector->connect()
#7 /home/ploi/manager.tollgate.io/vendor/laravel/framework/src/Illuminate/Redis/RedisManager.php(91): Illuminate\\Redis\\RedisManager->resolve()
#8 /home/ploi/manager.tollgate.io/vendor/laravel/framework/src/Illuminate/Cache/RedisStore.php(258): Illuminate\\Redis\\RedisManager->connection()
#9 /home/ploi/manager.tollgate.io/vendor/laravel/framework/src/Illuminate/Cache/RedisStore.php(62): Illuminate\\Cache\\RedisStore->connection()
#10 /home/ploi/manager.tollgate.io/vendor/laravel/framework/src/Illuminate/Cache/Repository.php(97): Illuminate\\Cache\\RedisStore->get()
#11 /home/ploi/manager.tollgate.io/vendor/laravel/framework/src/Illuminate/Session/CacheBasedSessionHandler.php(64): Illuminate\\Cache\\Repository->get()
#12 /home/ploi/manager.tollgate.io/vendor/laravel/framework/src/Illuminate/Session/Store.php(106): Illuminate\\Session\\CacheBasedSessionHandler->read()
#13 /home/ploi/manager.tollgate.io/vendor/laravel/framework/src/Illuminate/Session/Store.php(96): Illuminate\\Session\\Store->readFromHandler()
#14 /home/ploi/manager.tollgate.io/vendor/laravel/framework/src/Illuminate/Session/Store.php(80): Illuminate\\Session\\Store->loadSession()
#15 /home/ploi/manager.tollgate.io/vendor/laravel/framework/src/Illuminate/Session/Middleware/StartSession.php(147): Illuminate\\Session\\Store->start()
#16 /home/ploi/manager.tollgate.io/vendor/laravel/framework/src/Illuminate/Support/helpers.php(302): Illuminate\\Session\\Middleware\\StartSession->Illuminate\\Session\\Middleware\\{closure}()
#17 /home/ploi/manager.tollgate.io/vendor/laravel/framework/src/Illuminate/Session/Middleware/StartSession.php(148): tap()
#18 /home/ploi/manager.tollgate.io/vendor/laravel/framework/src/Illuminate/Session/Middleware/StartSession.php(116): Illuminate\\Session\\Middleware\\StartSession->startSession()
#19 /home/ploi/manager.tollgate.io/vendor/laravel/framework/src/Illuminate/Session/Middleware/StartSession.php(64): Illuminate\\Session\\Middleware\\StartSession->handleStatefulRequest()
#20 /home/ploi/manager.tollgate.io/vendor/laravel/framework/src/Illuminate/Pipeline/Pipeline.php(180): Illuminate\\Session\\Middleware\\StartSession->handle()
#21 /home/ploi/manager.tollgate.io/vendor/laravel/framework/src/Illuminate/Cookie/Middleware/AddQueuedCookiesToResponse.php(37): Illuminate\\Pipeline\\Pipeline->Illuminate\\Pipeline\\{closure}()
#22 /home/ploi/manager.tollgate.io/vendor/laravel/framework/src/Illuminate/Pipeline/Pipeline.php(180): Illuminate\\Cookie\\Middleware\\AddQueuedCookiesToResponse->handle()
#23 /home/ploi/manager.tollgate.io/vendor/laravel/framework/src/Illuminate/Cookie/Middleware/EncryptCookies.php(67): Illuminate\\Pipeline\\Pipeline->Illuminate\\Pipeline\\{closure}()
#24 /home/ploi/manager.tollgate.io/vendor/laravel/framework/src/Illuminate/Pipeline/Pipeline.php(180): Illuminate\\Cookie\\Middleware\\EncryptCookies->handle()
#25 /home/ploi/manager.tollgate.io/vendor/laravel/framework/src/Illuminate/Pipeline/Pipeline.php(116): Illuminate\\Pipeline\\Pipeline->Illuminate\\Pipeline\\{closure}()
#26 /home/ploi/manager.tollgate.io/vendor/laravel/framework/src/Illuminate/Routing/Router.php(726): Illuminate\\Pipeline\\Pipeline->then()
#27 /home/ploi/manager.tollgate.io/vendor/laravel/framework/src/Illuminate/Routing/Router.php(703): Illuminate\\Routing\\Router->runRouteWithinStack()
#28 /home/ploi/manager.tollgate.io/vendor/laravel/framework/src/Illuminate/Routing/Router.php(667): Illuminate\\Routing\\Router->runRoute()
#29 /home/ploi/manager.tollgate.io/vendor/laravel/framework/src/Illuminate/Routing/Router.php(656): Illuminate\\Routing\\Router->dispatchToRoute()
#30 /home/ploi/manager.tollgate.io/vendor/laravel/framework/src/Illuminate/Foundation/Http/Kernel.php(167): Illuminate\\Routing\\Router->dispatch()
#31 /home/ploi/manager.tollgate.io/vendor/laravel/framework/src/Illuminate/Pipeline/Pipeline.php(141): Illuminate\\Foundation\\Http\\Kernel->Illuminate\\Foundation\\Http\\{closure}()
#32 /home/ploi/manager.tollgate.io/vendor/laravel/nova/src/Http/Middleware/ServeNova.php(23): Illuminate\\Pipeline\\Pipeline->Illuminate\\Pipeline\\{closure}()
#33 /home/ploi/manager.tollgate.io/vendor/laravel/framework/src/Illuminate/Pipeline/Pipeline.php(180): Laravel\\Nova\\Http\\Middleware\\ServeNova->handle()
#34 /home/ploi/manager.tollgate.io/vendor/laravel/framework/src/Illuminate/Foundation/Http/Middleware/TransformsRequest.php(21): Illuminate\\Pipeline\\Pipeline->Illuminate\\Pipeline\\{closure}()
#35 /home/ploi/manager.tollgate.io/vendor/laravel/framework/src/Illuminate/Foundation/Http/Middleware/ConvertEmptyStringsToNull.php(31): Illuminate\\Foundation\\Http\\Middleware\\TransformsRequest->handle()
#36 /home/ploi/manager.tollgate.io/vendor/laravel/framework/src/Illuminate/Pipeline/Pipeline.php(180): Illuminate\\Foundation\\Http\\Middleware\\ConvertEmptyStringsToNull->handle()
#37 /home/ploi/manager.tollgate.io/vendor/laravel/framework/src/Illuminate/Foundation/Http/Middleware/TransformsRequest.php(21): Illuminate\\Pipeline\\Pipeline->Illuminate\\Pipeline\\{closure}()
#38 /home/ploi/manager.tollgate.io/vendor/laravel/framework/src/Illuminate/Foundation/Http/Middleware/TrimStrings.php(40): Illuminate\\Foundation\\Http\\Middleware\\TransformsRequest->handle()
#39 /home/ploi/manager.tollgate.io/vendor/laravel/framework/src/Illuminate/Pipeline/Pipeline.php(180): Illuminate\\Foundation\\Http\\Middleware\\TrimStrings->handle()
#40 /home/ploi/manager.tollgate.io/vendor/laravel/framework/src/Illuminate/Foundation/Http/Middleware/ValidatePostSize.php(27): Illuminate\\Pipeline\\Pipeline->Illuminate\\Pipeline\\{closure}()
#41 /home/ploi/manager.tollgate.io/vendor/laravel/framework/src/Illuminate/Pipeline/Pipeline.php(180): Illuminate\\Foundation\\Http\\Middleware\\ValidatePostSize->handle()
#42 /home/ploi/manager.tollgate.io/vendor/laravel/framework/src/Illuminate/Foundation/Http/Middleware/PreventRequestsDuringMaintenance.php(86): Illuminate\\Pipeline\\Pipeline->Illuminate\\Pipeline\\{closure}()
#43 /home/ploi/manager.tollgate.io/vendor/laravel/framework/src/Illuminate/Pipeline/Pipeline.php(180): Illuminate\\Foundation\\Http\\Middleware\\PreventRequestsDuringMaintenance->handle()
#44 /home/ploi/manager.tollgate.io/vendor/laravel/framework/src/Illuminate/Http/Middleware/HandleCors.php(49): Illuminate\\Pipeline\\Pipeline->Illuminate\\Pipeline\\{closure}()
#45 /home/ploi/manager.tollgate.io/vendor/laravel/framework/src/Illuminate/Pipeline/Pipeline.php(180): Illuminate\\Http\\Middleware\\HandleCors->handle()
#46 /home/ploi/manager.tollgate.io/vendor/laravel/framework/src/Illuminate/Http/Middleware/TrustProxies.php(39): Illuminate\\Pipeline\\Pipeline->Illuminate\\Pipeline\\{closure}()
#47 /home/ploi/manager.tollgate.io/vendor/laravel/framework/src/Illuminate/Pipeline/Pipeline.php(180): Illuminate\\Http\\Middleware\\TrustProxies->handle()
#48 /home/ploi/manager.tollgate.io/vendor/laravel/framework/src/Illuminate/Pipeline/Pipeline.php(116): Illuminate\\Pipeline\\Pipeline->Illuminate\\Pipeline\\{closure}()
#49 /home/ploi/manager.tollgate.io/vendor/laravel/framework/src/Illuminate/Foundation/Http/Kernel.php(142): Illuminate\\Pipeline\\Pipeline->then()
#50 /home/ploi/manager.tollgate.io/vendor/laravel/framework/src/Illuminate/Foundation/Http/Kernel.php(111): Illuminate\\Foundation\\Http\\Kernel->sendRequestThroughRouter()
#51 /home/ploi/manager.tollgate.io/public/index.php(52): Illuminate\\Foundation\\Http\\Kernel->handle()
#52 {main}

[previous exception] [object] (ErrorException(code: 0): Redis::connect(): php_network_getaddresses: getaddrinfo failed: Name or service not known at /home/ploi/manager.tollgate.io/vendor/laravel/framework/src/Illuminate/Redis/Connectors/PhpRedisConnector.php:155)
[stacktrace]
#0 /home/ploi/manager.tollgate.io/vendor/laravel/framework/src/Illuminate/Foundation/Bootstrap/HandleExceptions.php(231): Illuminate\\Foundation\\Bootstrap\\HandleExceptions->handleError()
#1 [internal function]: Illuminate\\Foundation\\Bootstrap\\HandleExceptions->Illuminate\\Foundation\\Bootstrap\\{closure}()
#2 /home/ploi/manager.tollgate.io/vendor/laravel/framework/src/Illuminate/Redis/Connectors/PhpRedisConnector.php(155): Redis->connect()
#3 /home/ploi/manager.tollgate.io/vendor/laravel/framework/src/Illuminate/Redis/Connectors/PhpRedisConnector.php(84): Illuminate\\Redis\\Connectors\\PhpRedisConnector->establishConnection()
#4 /home/ploi/manager.tollgate.io/vendor/laravel/framework/src/Illuminate/Support/helpers.php(302): Illuminate\\Redis\\Connectors\\PhpRedisConnector->Illuminate\\Redis\\Connectors\\{closure}()
#5 /home/ploi/manager.tollgate.io/vendor/laravel/framework/src/Illuminate/Redis/Connectors/PhpRedisConnector.php(125): tap()
#6 /home/ploi/manager.tollgate.io/vendor/laravel/framework/src/Illuminate/Redis/Connectors/PhpRedisConnector.php(28): Illuminate\\Redis\\Connectors\\PhpRedisConnector->createClient()
#7 /home/ploi/manager.tollgate.io/vendor/laravel/framework/src/Illuminate/Redis/Connectors/PhpRedisConnector.php(32): Illuminate\\Redis\\Connectors\\PhpRedisConnector->Illuminate\\Redis\\Connectors\\{closure}()
#8 /home/ploi/manager.tollgate.io/vendor/laravel/framework/src/Illuminate/Redis/RedisManager.php(112): Illuminate\\Redis\\Connectors\\PhpRedisConnector->connect()
#9 /home/ploi/manager.tollgate.io/vendor/laravel/framework/src/Illuminate/Redis/RedisManager.php(91): Illuminate\\Redis\\RedisManager->resolve()
#10 /home/ploi/manager.tollgate.io/vendor/laravel/framework/src/Illuminate/Cache/RedisStore.php(258): Illuminate\\Redis\\RedisManager->connection()
#11 /home/ploi/manager.tollgate.io/vendor/laravel/framework/src/Illuminate/Cache/RedisStore.php(62): Illuminate\\Cache\\RedisStore->connection()
#12 /home/ploi/manager.tollgate.io/vendor/laravel/framework/src/Illuminate/Cache/Repository.php(97): Illuminate\\Cache\\RedisStore->get()
#13 /home/ploi/manager.tollgate.io/vendor/laravel/framework/src/Illuminate/Session/CacheBasedSessionHandler.php(64): Illuminate\\Cache\\Repository->get()
#14 /home/ploi/manager.tollgate.io/vendor/laravel/framework/src/Illuminate/Session/Store.php(106): Illuminate\\Session\\CacheBasedSessionHandler->read()
#15 /home/ploi/manager.tollgate.io/vendor/laravel/framework/src/Illuminate/Session/Store.php(96): Illuminate\\Session\\Store->readFromHandler()
#16 /home/ploi/manager.tollgate.io/vendor/laravel/framework/src/Illuminate/Session/Store.php(80): Illuminate\\Session\\Store->loadSession()
#17 /home/ploi/manager.tollgate.io/vendor/laravel/framework/src/Illuminate/Session/Middleware/StartSession.php(147): Illuminate\\Session\\Store->start()
#18 /home/ploi/manager.tollgate.io/vendor/laravel/framework/src/Illuminate/Support/helpers.php(302): Illuminate\\Session\\Middleware\\StartSession->Illuminate\\Session\\Middleware\\{closure}()
#19 /home/ploi/manager.tollgate.io/vendor/laravel/framework/src/Illuminate/Session/Middleware/StartSession.php(148): tap()
#20 /home/ploi/manager.tollgate.io/vendor/laravel/framework/src/Illuminate/Session/Middleware/StartSession.php(116): Illuminate\\Session\\Middleware\\StartSession->startSession()
#21 /home/ploi/manager.tollgate.io/vendor/laravel/framework/src/Illuminate/Session/Middleware/StartSession.php(64): Illuminate\\Session\\Middleware\\StartSession->handleStatefulRequest()
#22 /home/ploi/manager.tollgate.io/vendor/laravel/framework/src/Illuminate/Pipeline/Pipeline.php(180): Illuminate\\Session\\Middleware\\StartSession->handle()
#23 /home/ploi/manager.tollgate.io/vendor/laravel/framework/src/Illuminate/Cookie/Middleware/AddQueuedCookiesToResponse.php(37): Illuminate\\Pipeline\\Pipeline->Illuminate\\Pipeline\\{closure}()
#24 /home/ploi/manager.tollgate.io/vendor/laravel/framework/src/Illuminate/Pipeline/Pipeline.php(180): Illuminate\\Cookie\\Middleware\\AddQueuedCookiesToResponse->handle()
#25 /home/ploi/manager.tollgate.io/vendor/laravel/framework/src/Illuminate/Cookie/Middleware/EncryptCookies.php(67): Illuminate\\Pipeline\\Pipeline->Illuminate\\Pipeline\\{closure}()
#26 /home/ploi/manager.tollgate.io/vendor/laravel/framework/src/Illuminate/Pipeline/Pipeline.php(180): Illuminate\\Cookie\\Middleware\\EncryptCookies->handle()
#27 /home/ploi/manager.tollgate.io/vendor/laravel/framework/src/Illuminate/Pipeline/Pipeline.php(116): Illuminate\\Pipeline\\Pipeline->Illuminate\\Pipeline\\{closure}()
#28 /home/ploi/manager.tollgate.io/vendor/laravel/framework/src/Illuminate/Routing/Router.php(726): Illuminate\\Pipeline\\Pipeline->then()
#29 /home/ploi/manager.tollgate.io/vendor/laravel/framework/src/Illuminate/Routing/Router.php(703): Illuminate\\Routing\\Router->runRouteWithinStack()
#30 /home/ploi/manager.tollgate.io/vendor/laravel/framework/src/Illuminate/Routing/Router.php(667): Illuminate\\Routing\\Router->runRoute()
#31 /home/ploi/manager.tollgate.io/vendor/laravel/framework/src/Illuminate/Routing/Router.php(656): Illuminate\\Routing\\Router->dispatchToRoute()
#32 /home/ploi/manager.tollgate.io/vendor/laravel/framework/src/Illuminate/Foundation/Http/Kernel.php(167): Illuminate\\Routing\\Router->dispatch()
#33 /home/ploi/manager.tollgate.io/vendor/laravel/framework/src/Illuminate/Pipeline/Pipeline.php(141): Illuminate\\Foundation\\Http\\Kernel->Illuminate\\Foundation\\Http\\{closure}()
#34 /home/ploi/manager.tollgate.io/vendor/laravel/nova/src/Http/Middleware/ServeNova.php(23): Illuminate\\Pipeline\\Pipeline->Illuminate\\Pipeline\\{closure}()
#35 /home/ploi/manager.tollgate.io/vendor/laravel/framework/src/Illuminate/Pipeline/Pipeline.php(180): Laravel\\Nova\\Http\\Middleware\\ServeNova->handle()
#36 /home/ploi/manager.tollgate.io/vendor/laravel/framework/src/Illuminate/Foundation/Http/Middleware/TransformsRequest.php(21): Illuminate\\Pipeline\\Pipeline->Illuminate\\Pipeline\\{closure}()
#37 /home/ploi/manager.tollgate.io/vendor/laravel/framework/src/Illuminate/Foundation/Http/Middleware/ConvertEmptyStringsToNull.php(31): Illuminate\\Foundation\\Http\\Middleware\\TransformsRequest->handle()
#38 /home/ploi/manager.tollgate.io/vendor/laravel/framework/src/Illuminate/Pipeline/Pipeline.php(180): Illuminate\\Foundation\\Http\\Middleware\\ConvertEmptyStringsToNull->handle()
#39 /home/ploi/manager.tollgate.io/vendor/laravel/framework/src/Illuminate/Foundation/Http/Middleware/TransformsRequest.php(21): Illuminate\\Pipeline\\Pipeline->Illuminate\\Pipeline\\{closure}()
#40 /home/ploi/manager.tollgate.io/vendor/laravel/framework/src/Illuminate/Foundation/Http/Middleware/TrimStrings.php(40): Illuminate\\Foundation\\Http\\Middleware\\TransformsRequest->handle()
#41 /home/ploi/manager.tollgate.io/vendor/laravel/framework/src/Illuminate/Pipeline/Pipeline.php(180): Illuminate\\Foundation\\Http\\Middleware\\TrimStrings->handle()
#42 /home/ploi/manager.tollgate.io/vendor/laravel/framework/src/Illuminate/Foundation/Http/Middleware/ValidatePostSize.php(27): Illuminate\\Pipeline\\Pipeline->Illuminate\\Pipeline\\{closure}()
#43 /home/ploi/manager.tollgate.io/vendor/laravel/framework/src/Illuminate/Pipeline/Pipeline.php(180): Illuminate\\Foundation\\Http\\Middleware\\ValidatePostSize->handle()
#44 /home/ploi/manager.tollgate.io/vendor/laravel/framework/src/Illuminate/Foundation/Http/Middleware/PreventRequestsDuringMaintenance.php(86): Illuminate\\Pipeline\\Pipeline->Illuminate\\Pipeline\\{closure}()
#45 /home/ploi/manager.tollgate.io/vendor/laravel/framework/src/Illuminate/Pipeline/Pipeline.php(180): Illuminate\\Foundation\\Http\\Middleware\\PreventRequestsDuringMaintenance->handle()
#46 /home/ploi/manager.tollgate.io/vendor/laravel/framework/src/Illuminate/Http/Middleware/HandleCors.php(49): Illuminate\\Pipeline\\Pipeline->Illuminate\\Pipeline\\{closure}()
#47 /home/ploi/manager.tollgate.io/vendor/laravel/framework/src/Illuminate/Pipeline/Pipeline.php(180): Illuminate\\Http\\Middleware\\HandleCors->handle()
#48 /home/ploi/manager.tollgate.io/vendor/laravel/framework/src/Illuminate/Http/Middleware/TrustProxies.php(39): Illuminate\\Pipeline\\Pipeline->Illuminate\\Pipeline\\{closure}()
#49 /home/ploi/manager.tollgate.io/vendor/laravel/framework/src/Illuminate/Pipeline/Pipeline.php(180): Illuminate\\Http\\Middleware\\TrustProxies->handle()
#50 /home/ploi/manager.tollgate.io/vendor/laravel/framework/src/Illuminate/Pipeline/Pipeline.php(116): Illuminate\\Pipeline\\Pipeline->Illuminate\\Pipeline\\{closure}()
#51 /home/ploi/manager.tollgate.io/vendor/laravel/framework/src/Illuminate/Foundation/Http/Kernel.php(142): Illuminate\\Pipeline\\Pipeline->then()
#52 /home/ploi/manager.tollgate.io/vendor/laravel/framework/src/Illuminate/Foundation/Http/Kernel.php(111): Illuminate\\Foundation\\Http\\Kernel->sendRequestThroughRouter()
#53 /home/ploi/manager.tollgate.io/public/index.php(52): Illuminate\\Foundation\\Http\\Kernel->handle()
#54 {main}
"} 
[2022-04-22 02:13:31] local.ERROR: php_network_getaddresses: getaddrinfo failed: Name or service not known {"exception":"[object] (RedisException(code: 0): php_network_getaddresses: getaddrinfo failed: Name or service not known at /home/ploi/manager.tollgate.io/vendor/laravel/framework/src/Illuminate/Redis/Connectors/PhpRedisConnector.php:155)
[stacktrace]
#0 /home/ploi/manager.tollgate.io/vendor/laravel/framework/src/Illuminate/Redis/Connectors/PhpRedisConnector.php(155): Redis->connect()
#1 /home/ploi/manager.tollgate.io/vendor/laravel/framework/src/Illuminate/Redis/Connectors/PhpRedisConnector.php(84): Illuminate\\Redis\\Connectors\\PhpRedisConnector->establishConnection()
#2 /home/ploi/manager.tollgate.io/vendor/laravel/framework/src/Illuminate/Support/helpers.php(302): Illuminate\\Redis\\Connectors\\PhpRedisConnector->Illuminate\\Redis\\Connectors\\{closure}()
#3 /home/ploi/manager.tollgate.io/vendor/laravel/framework/src/Illuminate/Redis/Connectors/PhpRedisConnector.php(125): tap()
#4 /home/ploi/manager.tollgate.io/vendor/laravel/framework/src/Illuminate/Redis/Connectors/PhpRedisConnector.php(28): Illuminate\\Redis\\Connectors\\PhpRedisConnector->createClient()
#5 /home/ploi/manager.tollgate.io/vendor/laravel/framework/src/Illuminate/Redis/Connectors/PhpRedisConnector.php(32): Illuminate\\Redis\\Connectors\\PhpRedisConnector->Illuminate\\Redis\\Connectors\\{closure}()
#6 /home/ploi/manager.tollgate.io/vendor/laravel/framework/src/Illuminate/Redis/RedisManager.php(112): Illuminate\\Redis\\Connectors\\PhpRedisConnector->connect()
#7 /home/ploi/manager.tollgate.io/vendor/laravel/framework/src/Illuminate/Redis/RedisManager.php(91): Illuminate\\Redis\\RedisManager->resolve()
#8 /home/ploi/manager.tollgate.io/vendor/laravel/framework/src/Illuminate/Cache/RedisStore.php(258): Illuminate\\Redis\\RedisManager->connection()
#9 /home/ploi/manager.tollgate.io/vendor/laravel/framework/src/Illuminate/Cache/RedisStore.php(62): Illuminate\\Cache\\RedisStore->connection()
#10 /home/ploi/manager.tollgate.io/vendor/laravel/framework/src/Illuminate/Cache/Repository.php(97): Illuminate\\Cache\\RedisStore->get()
#11 /home/ploi/manager.tollgate.io/vendor/laravel/framework/src/Illuminate/Session/CacheBasedSessionHandler.php(64): Illuminate\\Cache\\Repository->get()
#12 /home/ploi/manager.tollgate.io/vendor/laravel/framework/src/Illuminate/Session/Store.php(106): Illuminate\\Session\\CacheBasedSessionHandler->read()
#13 /home/ploi/manager.tollgate.io/vendor/laravel/framework/src/Illuminate/Session/Store.php(96): Illuminate\\Session\\Store->readFromHandler()
#14 /home/ploi/manager.tollgate.io/vendor/laravel/framework/src/Illuminate/Session/Store.php(80): Illuminate\\Session\\Store->loadSession()
#15 /home/ploi/manager.tollgate.io/vendor/laravel/framework/src/Illuminate/Session/Middleware/StartSession.php(147): Illuminate\\Session\\Store->start()
#16 /home/ploi/manager.tollgate.io/vendor/laravel/framework/src/Illuminate/Support/helpers.php(302): Illuminate\\Session\\Middleware\\StartSession->Illuminate\\Session\\Middleware\\{closure}()
#17 /home/ploi/manager.tollgate.io/vendor/laravel/framework/src/Illuminate/Session/Middleware/StartSession.php(148): tap()
#18 /home/ploi/manager.tollgate.io/vendor/laravel/framework/src/Illuminate/Session/Middleware/StartSession.php(116): Illuminate\\Session\\Middleware\\StartSession->startSession()
#19 /home/ploi/manager.tollgate.io/vendor/laravel/framework/src/Illuminate/Session/Middleware/StartSession.php(64): Illuminate\\Session\\Middleware\\StartSession->handleStatefulRequest()
#20 /home/ploi/manager.tollgate.io/vendor/laravel/framework/src/Illuminate/Pipeline/Pipeline.php(180): Illuminate\\Session\\Middleware\\StartSession->handle()
#21 /home/ploi/manager.tollgate.io/vendor/laravel/framework/src/Illuminate/Cookie/Middleware/AddQueuedCookiesToResponse.php(37): Illuminate\\Pipeline\\Pipeline->Illuminate\\Pipeline\\{closure}()
#22 /home/ploi/manager.tollgate.io/vendor/laravel/framework/src/Illuminate/Pipeline/Pipeline.php(180): Illuminate\\Cookie\\Middleware\\AddQueuedCookiesToResponse->handle()
#23 /home/ploi/manager.tollgate.io/vendor/laravel/framework/src/Illuminate/Cookie/Middleware/EncryptCookies.php(67): Illuminate\\Pipeline\\Pipeline->Illuminate\\Pipeline\\{closure}()
#24 /home/ploi/manager.tollgate.io/vendor/laravel/framework/src/Illuminate/Pipeline/Pipeline.php(180): Illuminate\\Cookie\\Middleware\\EncryptCookies->handle()
#25 /home/ploi/manager.tollgate.io/vendor/laravel/framework/src/Illuminate/Pipeline/Pipeline.php(116): Illuminate\\Pipeline\\Pipeline->Illuminate\\Pipeline\\{closure}()
#26 /home/ploi/manager.tollgate.io/vendor/laravel/framework/src/Illuminate/Routing/Router.php(726): Illuminate\\Pipeline\\Pipeline->then()
#27 /home/ploi/manager.tollgate.io/vendor/laravel/framework/src/Illuminate/Routing/Router.php(703): Illuminate\\Routing\\Router->runRouteWithinStack()
#28 /home/ploi/manager.tollgate.io/vendor/laravel/framework/src/Illuminate/Routing/Router.php(667): Illuminate\\Routing\\Router->runRoute()
#29 /home/ploi/manager.tollgate.io/vendor/laravel/framework/src/Illuminate/Routing/Router.php(656): Illuminate\\Routing\\Router->dispatchToRoute()
#30 /home/ploi/manager.tollgate.io/vendor/laravel/framework/src/Illuminate/Foundation/Http/Kernel.php(167): Illuminate\\Routing\\Router->dispatch()
#31 /home/ploi/manager.tollgate.io/vendor/laravel/framework/src/Illuminate/Pipeline/Pipeline.php(141): Illuminate\\Foundation\\Http\\Kernel->Illuminate\\Foundation\\Http\\{closure}()
#32 /home/ploi/manager.tollgate.io/vendor/laravel/nova/src/Http/Middleware/ServeNova.php(23): Illuminate\\Pipeline\\Pipeline->Illuminate\\Pipeline\\{closure}()
#33 /home/ploi/manager.tollgate.io/vendor/laravel/framework/src/Illuminate/Pipeline/Pipeline.php(180): Laravel\\Nova\\Http\\Middleware\\ServeNova->handle()
#34 /home/ploi/manager.tollgate.io/vendor/laravel/framework/src/Illuminate/Foundation/Http/Middleware/TransformsRequest.php(21): Illuminate\\Pipeline\\Pipeline->Illuminate\\Pipeline\\{closure}()
#35 /home/ploi/manager.tollgate.io/vendor/laravel/framework/src/Illuminate/Foundation/Http/Middleware/ConvertEmptyStringsToNull.php(31): Illuminate\\Foundation\\Http\\Middleware\\TransformsRequest->handle()
#36 /home/ploi/manager.tollgate.io/vendor/laravel/framework/src/Illuminate/Pipeline/Pipeline.php(180): Illuminate\\Foundation\\Http\\Middleware\\ConvertEmptyStringsToNull->handle()
#37 /home/ploi/manager.tollgate.io/vendor/laravel/framework/src/Illuminate/Foundation/Http/Middleware/TransformsRequest.php(21): Illuminate\\Pipeline\\Pipeline->Illuminate\\Pipeline\\{closure}()
#38 /home/ploi/manager.tollgate.io/vendor/laravel/framework/src/Illuminate/Foundation/Http/Middleware/TrimStrings.php(40): Illuminate\\Foundation\\Http\\Middleware\\TransformsRequest->handle()
#39 /home/ploi/manager.tollgate.io/vendor/laravel/framework/src/Illuminate/Pipeline/Pipeline.php(180): Illuminate\\Foundation\\Http\\Middleware\\TrimStrings->handle()
#40 /home/ploi/manager.tollgate.io/vendor/laravel/framework/src/Illuminate/Foundation/Http/Middleware/ValidatePostSize.php(27): Illuminate\\Pipeline\\Pipeline->Illuminate\\Pipeline\\{closure}()
#41 /home/ploi/manager.tollgate.io/vendor/laravel/framework/src/Illuminate/Pipeline/Pipeline.php(180): Illuminate\\Foundation\\Http\\Middleware\\ValidatePostSize->handle()
#42 /home/ploi/manager.tollgate.io/vendor/laravel/framework/src/Illuminate/Foundation/Http/Middleware/PreventRequestsDuringMaintenance.php(86): Illuminate\\Pipeline\\Pipeline->Illuminate\\Pipeline\\{closure}()
#43 /home/ploi/manager.tollgate.io/vendor/laravel/framework/src/Illuminate/Pipeline/Pipeline.php(180): Illuminate\\Foundation\\Http\\Middleware\\PreventRequestsDuringMaintenance->handle()
#44 /home/ploi/manager.tollgate.io/vendor/laravel/framework/src/Illuminate/Http/Middleware/HandleCors.php(49): Illuminate\\Pipeline\\Pipeline->Illuminate\\Pipeline\\{closure}()
#45 /home/ploi/manager.tollgate.io/vendor/laravel/framework/src/Illuminate/Pipeline/Pipeline.php(180): Illuminate\\Http\\Middleware\\HandleCors->handle()
#46 /home/ploi/manager.tollgate.io/vendor/laravel/framework/src/Illuminate/Http/Middleware/TrustProxies.php(39): Illuminate\\Pipeline\\Pipeline->Illuminate\\Pipeline\\{closure}()
#47 /home/ploi/manager.tollgate.io/vendor/laravel/framework/src/Illuminate/Pipeline/Pipeline.php(180): Illuminate\\Http\\Middleware\\TrustProxies->handle()
#48 /home/ploi/manager.tollgate.io/vendor/laravel/framework/src/Illuminate/Pipeline/Pipeline.php(116): Illuminate\\Pipeline\\Pipeline->Illuminate\\Pipeline\\{closure}()
#49 /home/ploi/manager.tollgate.io/vendor/laravel/framework/src/Illuminate/Foundation/Http/Kernel.php(142): Illuminate\\Pipeline\\Pipeline->then()
#50 /home/ploi/manager.tollgate.io/vendor/laravel/framework/src/Illuminate/Foundation/Http/Kernel.php(111): Illuminate\\Foundation\\Http\\Kernel->sendRequestThroughRouter()
#51 /home/ploi/manager.tollgate.io/public/index.php(52): Illuminate\\Foundation\\Http\\Kernel->handle()
#52 {main}

[previous exception] [object] (ErrorException(code: 0): Redis::connect(): php_network_getaddresses: getaddrinfo failed: Name or service not known at /home/ploi/manager.tollgate.io/vendor/laravel/framework/src/Illuminate/Redis/Connectors/PhpRedisConnector.php:155)
[stacktrace]
#0 /home/ploi/manager.tollgate.io/vendor/laravel/framework/src/Illuminate/Foundation/Bootstrap/HandleExceptions.php(231): Illuminate\\Foundation\\Bootstrap\\HandleExceptions->handleError()
#1 [internal function]: Illuminate\\Foundation\\Bootstrap\\HandleExceptions->Illuminate\\Foundation\\Bootstrap\\{closure}()
#2 /home/ploi/manager.tollgate.io/vendor/laravel/framework/src/Illuminate/Redis/Connectors/PhpRedisConnector.php(155): Redis->connect()
#3 /home/ploi/manager.tollgate.io/vendor/laravel/framework/src/Illuminate/Redis/Connectors/PhpRedisConnector.php(84): Illuminate\\Redis\\Connectors\\PhpRedisConnector->establishConnection()
#4 /home/ploi/manager.tollgate.io/vendor/laravel/framework/src/Illuminate/Support/helpers.php(302): Illuminate\\Redis\\Connectors\\PhpRedisConnector->Illuminate\\Redis\\Connectors\\{closure}()
#5 /home/ploi/manager.tollgate.io/vendor/laravel/framework/src/Illuminate/Redis/Connectors/PhpRedisConnector.php(125): tap()
#6 /home/ploi/manager.tollgate.io/vendor/laravel/framework/src/Illuminate/Redis/Connectors/PhpRedisConnector.php(28): Illuminate\\Redis\\Connectors\\PhpRedisConnector->createClient()
#7 /home/ploi/manager.tollgate.io/vendor/laravel/framework/src/Illuminate/Redis/Connectors/PhpRedisConnector.php(32): Illuminate\\Redis\\Connectors\\PhpRedisConnector->Illuminate\\Redis\\Connectors\\{closure}()
#8 /home/ploi/manager.tollgate.io/vendor/laravel/framework/src/Illuminate/Redis/RedisManager.php(112): Illuminate\\Redis\\Connectors\\PhpRedisConnector->connect()
#9 /home/ploi/manager.tollgate.io/vendor/laravel/framework/src/Illuminate/Redis/RedisManager.php(91): Illuminate\\Redis\\RedisManager->resolve()
#10 /home/ploi/manager.tollgate.io/vendor/laravel/framework/src/Illuminate/Cache/RedisStore.php(258): Illuminate\\Redis\\RedisManager->connection()
#11 /home/ploi/manager.tollgate.io/vendor/laravel/framework/src/Illuminate/Cache/RedisStore.php(62): Illuminate\\Cache\\RedisStore->connection()
#12 /home/ploi/manager.tollgate.io/vendor/laravel/framework/src/Illuminate/Cache/Repository.php(97): Illuminate\\Cache\\RedisStore->get()
#13 /home/ploi/manager.tollgate.io/vendor/laravel/framework/src/Illuminate/Session/CacheBasedSessionHandler.php(64): Illuminate\\Cache\\Repository->get()
#14 /home/ploi/manager.tollgate.io/vendor/laravel/framework/src/Illuminate/Session/Store.php(106): Illuminate\\Session\\CacheBasedSessionHandler->read()
#15 /home/ploi/manager.tollgate.io/vendor/laravel/framework/src/Illuminate/Session/Store.php(96): Illuminate\\Session\\Store->readFromHandler()
#16 /home/ploi/manager.tollgate.io/vendor/laravel/framework/src/Illuminate/Session/Store.php(80): Illuminate\\Session\\Store->loadSession()
#17 /home/ploi/manager.tollgate.io/vendor/laravel/framework/src/Illuminate/Session/Middleware/StartSession.php(147): Illuminate\\Session\\Store->start()
#18 /home/ploi/manager.tollgate.io/vendor/laravel/framework/src/Illuminate/Support/helpers.php(302): Illuminate\\Session\\Middleware\\StartSession->Illuminate\\Session\\Middleware\\{closure}()
#19 /home/ploi/manager.tollgate.io/vendor/laravel/framework/src/Illuminate/Session/Middleware/StartSession.php(148): tap()
#20 /home/ploi/manager.tollgate.io/vendor/laravel/framework/src/Illuminate/Session/Middleware/StartSession.php(116): Illuminate\\Session\\Middleware\\StartSession->startSession()
#21 /home/ploi/manager.tollgate.io/vendor/laravel/framework/src/Illuminate/Session/Middleware/StartSession.php(64): Illuminate\\Session\\Middleware\\StartSession->handleStatefulRequest()
#22 /home/ploi/manager.tollgate.io/vendor/laravel/framework/src/Illuminate/Pipeline/Pipeline.php(180): Illuminate\\Session\\Middleware\\StartSession->handle()
#23 /home/ploi/manager.tollgate.io/vendor/laravel/framework/src/Illuminate/Cookie/Middleware/AddQueuedCookiesToResponse.php(37): Illuminate\\Pipeline\\Pipeline->Illuminate\\Pipeline\\{closure}()
#24 /home/ploi/manager.tollgate.io/vendor/laravel/framework/src/Illuminate/Pipeline/Pipeline.php(180): Illuminate\\Cookie\\Middleware\\AddQueuedCookiesToResponse->handle()
#25 /home/ploi/manager.tollgate.io/vendor/laravel/framework/src/Illuminate/Cookie/Middleware/EncryptCookies.php(67): Illuminate\\Pipeline\\Pipeline->Illuminate\\Pipeline\\{closure}()
#26 /home/ploi/manager.tollgate.io/vendor/laravel/framework/src/Illuminate/Pipeline/Pipeline.php(180): Illuminate\\Cookie\\Middleware\\EncryptCookies->handle()
#27 /home/ploi/manager.tollgate.io/vendor/laravel/framework/src/Illuminate/Pipeline/Pipeline.php(116): Illuminate\\Pipeline\\Pipeline->Illuminate\\Pipeline\\{closure}()
#28 /home/ploi/manager.tollgate.io/vendor/laravel/framework/src/Illuminate/Routing/Router.php(726): Illuminate\\Pipeline\\Pipeline->then()
#29 /home/ploi/manager.tollgate.io/vendor/laravel/framework/src/Illuminate/Routing/Router.php(703): Illuminate\\Routing\\Router->runRouteWithinStack()
#30 /home/ploi/manager.tollgate.io/vendor/laravel/framework/src/Illuminate/Routing/Router.php(667): Illuminate\\Routing\\Router->runRoute()
#31 /home/ploi/manager.tollgate.io/vendor/laravel/framework/src/Illuminate/Routing/Router.php(656): Illuminate\\Routing\\Router->dispatchToRoute()
#32 /home/ploi/manager.tollgate.io/vendor/laravel/framework/src/Illuminate/Foundation/Http/Kernel.php(167): Illuminate\\Routing\\Router->dispatch()
#33 /home/ploi/manager.tollgate.io/vendor/laravel/framework/src/Illuminate/Pipeline/Pipeline.php(141): Illuminate\\Foundation\\Http\\Kernel->Illuminate\\Foundation\\Http\\{closure}()
#34 /home/ploi/manager.tollgate.io/vendor/laravel/nova/src/Http/Middleware/ServeNova.php(23): Illuminate\\Pipeline\\Pipeline->Illuminate\\Pipeline\\{closure}()
#35 /home/ploi/manager.tollgate.io/vendor/laravel/framework/src/Illuminate/Pipeline/Pipeline.php(180): Laravel\\Nova\\Http\\Middleware\\ServeNova->handle()
#36 /home/ploi/manager.tollgate.io/vendor/laravel/framework/src/Illuminate/Foundation/Http/Middleware/TransformsRequest.php(21): Illuminate\\Pipeline\\Pipeline->Illuminate\\Pipeline\\{closure}()
#37 /home/ploi/manager.tollgate.io/vendor/laravel/framework/src/Illuminate/Foundation/Http/Middleware/ConvertEmptyStringsToNull.php(31): Illuminate\\Foundation\\Http\\Middleware\\TransformsRequest->handle()
#38 /home/ploi/manager.tollgate.io/vendor/laravel/framework/src/Illuminate/Pipeline/Pipeline.php(180): Illuminate\\Foundation\\Http\\Middleware\\ConvertEmptyStringsToNull->handle()
#39 /home/ploi/manager.tollgate.io/vendor/laravel/framework/src/Illuminate/Foundation/Http/Middleware/TransformsRequest.php(21): Illuminate\\Pipeline\\Pipeline->Illuminate\\Pipeline\\{closure}()
#40 /home/ploi/manager.tollgate.io/vendor/laravel/framework/src/Illuminate/Foundation/Http/Middleware/TrimStrings.php(40): Illuminate\\Foundation\\Http\\Middleware\\TransformsRequest->handle()
#41 /home/ploi/manager.tollgate.io/vendor/laravel/framework/src/Illuminate/Pipeline/Pipeline.php(180): Illuminate\\Foundation\\Http\\Middleware\\TrimStrings->handle()
#42 /home/ploi/manager.tollgate.io/vendor/laravel/framework/src/Illuminate/Foundation/Http/Middleware/ValidatePostSize.php(27): Illuminate\\Pipeline\\Pipeline->Illuminate\\Pipeline\\{closure}()
#43 /home/ploi/manager.tollgate.io/vendor/laravel/framework/src/Illuminate/Pipeline/Pipeline.php(180): Illuminate\\Foundation\\Http\\Middleware\\ValidatePostSize->handle()
#44 /home/ploi/manager.tollgate.io/vendor/laravel/framework/src/Illuminate/Foundation/Http/Middleware/PreventRequestsDuringMaintenance.php(86): Illuminate\\Pipeline\\Pipeline->Illuminate\\Pipeline\\{closure}()
#45 /home/ploi/manager.tollgate.io/vendor/laravel/framework/src/Illuminate/Pipeline/Pipeline.php(180): Illuminate\\Foundation\\Http\\Middleware\\PreventRequestsDuringMaintenance->handle()
#46 /home/ploi/manager.tollgate.io/vendor/laravel/framework/src/Illuminate/Http/Middleware/HandleCors.php(49): Illuminate\\Pipeline\\Pipeline->Illuminate\\Pipeline\\{closure}()
#47 /home/ploi/manager.tollgate.io/vendor/laravel/framework/src/Illuminate/Pipeline/Pipeline.php(180): Illuminate\\Http\\Middleware\\HandleCors->handle()
#48 /home/ploi/manager.tollgate.io/vendor/laravel/framework/src/Illuminate/Http/Middleware/TrustProxies.php(39): Illuminate\\Pipeline\\Pipeline->Illuminate\\Pipeline\\{closure}()
#49 /home/ploi/manager.tollgate.io/vendor/laravel/framework/src/Illuminate/Pipeline/Pipeline.php(180): Illuminate\\Http\\Middleware\\TrustProxies->handle()
#50 /home/ploi/manager.tollgate.io/vendor/laravel/framework/src/Illuminate/Pipeline/Pipeline.php(116): Illuminate\\Pipeline\\Pipeline->Illuminate\\Pipeline\\{closure}()
#51 /home/ploi/manager.tollgate.io/vendor/laravel/framework/src/Illuminate/Foundation/Http/Kernel.php(142): Illuminate\\Pipeline\\Pipeline->then()
#52 /home/ploi/manager.tollgate.io/vendor/laravel/framework/src/Illuminate/Foundation/Http/Kernel.php(111): Illuminate\\Foundation\\Http\\Kernel->sendRequestThroughRouter()
#53 /home/ploi/manager.tollgate.io/public/index.php(52): Illuminate\\Foundation\\Http\\Kernel->handle()
#54 {main}
"} 
[2022-04-22 02:24:07] local.ERROR: php_network_getaddresses: getaddrinfo failed: Name or service not known {"exception":"[object] (RedisException(code: 0): php_network_getaddresses: getaddrinfo failed: Name or service not known at /home/ploi/manager.tollgate.io/vendor/laravel/framework/src/Illuminate/Redis/Connectors/PhpRedisConnector.php:155)
[stacktrace]
#0 /home/ploi/manager.tollgate.io/vendor/laravel/framework/src/Illuminate/Redis/Connectors/PhpRedisConnector.php(155): Redis->connect()
#1 /home/ploi/manager.tollgate.io/vendor/laravel/framework/src/Illuminate/Redis/Connectors/PhpRedisConnector.php(84): Illuminate\\Redis\\Connectors\\PhpRedisConnector->establishConnection()
#2 /home/ploi/manager.tollgate.io/vendor/laravel/framework/src/Illuminate/Support/helpers.php(302): Illuminate\\Redis\\Connectors\\PhpRedisConnector->Illuminate\\Redis\\Connectors\\{closure}()
#3 /home/ploi/manager.tollgate.io/vendor/laravel/framework/src/Illuminate/Redis/Connectors/PhpRedisConnector.php(125): tap()
#4 /home/ploi/manager.tollgate.io/vendor/laravel/framework/src/Illuminate/Redis/Connectors/PhpRedisConnector.php(28): Illuminate\\Redis\\Connectors\\PhpRedisConnector->createClient()
#5 /home/ploi/manager.tollgate.io/vendor/laravel/framework/src/Illuminate/Redis/Connectors/PhpRedisConnector.php(32): Illuminate\\Redis\\Connectors\\PhpRedisConnector->Illuminate\\Redis\\Connectors\\{closure}()
#6 /home/ploi/manager.tollgate.io/vendor/laravel/framework/src/Illuminate/Redis/RedisManager.php(112): Illuminate\\Redis\\Connectors\\PhpRedisConnector->connect()
#7 /home/ploi/manager.tollgate.io/vendor/laravel/framework/src/Illuminate/Redis/RedisManager.php(91): Illuminate\\Redis\\RedisManager->resolve()
#8 /home/ploi/manager.tollgate.io/vendor/laravel/framework/src/Illuminate/Cache/RedisStore.php(258): Illuminate\\Redis\\RedisManager->connection()
#9 /home/ploi/manager.tollgate.io/vendor/laravel/framework/src/Illuminate/Cache/RedisStore.php(62): Illuminate\\Cache\\RedisStore->connection()
#10 /home/ploi/manager.tollgate.io/vendor/laravel/framework/src/Illuminate/Cache/Repository.php(97): Illuminate\\Cache\\RedisStore->get()
#11 /home/ploi/manager.tollgate.io/vendor/laravel/framework/src/Illuminate/Session/CacheBasedSessionHandler.php(64): Illuminate\\Cache\\Repository->get()
#12 /home/ploi/manager.tollgate.io/vendor/laravel/framework/src/Illuminate/Session/Store.php(106): Illuminate\\Session\\CacheBasedSessionHandler->read()
#13 /home/ploi/manager.tollgate.io/vendor/laravel/framework/src/Illuminate/Session/Store.php(96): Illuminate\\Session\\Store->readFromHandler()
#14 /home/ploi/manager.tollgate.io/vendor/laravel/framework/src/Illuminate/Session/Store.php(80): Illuminate\\Session\\Store->loadSession()
#15 /home/ploi/manager.tollgate.io/vendor/laravel/framework/src/Illuminate/Session/Middleware/StartSession.php(147): Illuminate\\Session\\Store->start()
#16 /home/ploi/manager.tollgate.io/vendor/laravel/framework/src/Illuminate/Support/helpers.php(302): Illuminate\\Session\\Middleware\\StartSession->Illuminate\\Session\\Middleware\\{closure}()
#17 /home/ploi/manager.tollgate.io/vendor/laravel/framework/src/Illuminate/Session/Middleware/StartSession.php(148): tap()
#18 /home/ploi/manager.tollgate.io/vendor/laravel/framework/src/Illuminate/Session/Middleware/StartSession.php(116): Illuminate\\Session\\Middleware\\StartSession->startSession()
#19 /home/ploi/manager.tollgate.io/vendor/laravel/framework/src/Illuminate/Session/Middleware/StartSession.php(64): Illuminate\\Session\\Middleware\\StartSession->handleStatefulRequest()
#20 /home/ploi/manager.tollgate.io/vendor/laravel/framework/src/Illuminate/Pipeline/Pipeline.php(180): Illuminate\\Session\\Middleware\\StartSession->handle()
#21 /home/ploi/manager.tollgate.io/vendor/laravel/framework/src/Illuminate/Cookie/Middleware/AddQueuedCookiesToResponse.php(37): Illuminate\\Pipeline\\Pipeline->Illuminate\\Pipeline\\{closure}()
#22 /home/ploi/manager.tollgate.io/vendor/laravel/framework/src/Illuminate/Pipeline/Pipeline.php(180): Illuminate\\Cookie\\Middleware\\AddQueuedCookiesToResponse->handle()
#23 /home/ploi/manager.tollgate.io/vendor/laravel/framework/src/Illuminate/Cookie/Middleware/EncryptCookies.php(67): Illuminate\\Pipeline\\Pipeline->Illuminate\\Pipeline\\{closure}()
#24 /home/ploi/manager.tollgate.io/vendor/laravel/framework/src/Illuminate/Pipeline/Pipeline.php(180): Illuminate\\Cookie\\Middleware\\EncryptCookies->handle()
#25 /home/ploi/manager.tollgate.io/vendor/laravel/framework/src/Illuminate/Pipeline/Pipeline.php(116): Illuminate\\Pipeline\\Pipeline->Illuminate\\Pipeline\\{closure}()
#26 /home/ploi/manager.tollgate.io/vendor/laravel/framework/src/Illuminate/Routing/Router.php(726): Illuminate\\Pipeline\\Pipeline->then()
#27 /home/ploi/manager.tollgate.io/vendor/laravel/framework/src/Illuminate/Routing/Router.php(703): Illuminate\\Routing\\Router->runRouteWithinStack()
#28 /home/ploi/manager.tollgate.io/vendor/laravel/framework/src/Illuminate/Routing/Router.php(667): Illuminate\\Routing\\Router->runRoute()
#29 /home/ploi/manager.tollgate.io/vendor/laravel/framework/src/Illuminate/Routing/Router.php(656): Illuminate\\Routing\\Router->dispatchToRoute()
#30 /home/ploi/manager.tollgate.io/vendor/laravel/framework/src/Illuminate/Foundation/Http/Kernel.php(167): Illuminate\\Routing\\Router->dispatch()
#31 /home/ploi/manager.tollgate.io/vendor/laravel/framework/src/Illuminate/Pipeline/Pipeline.php(141): Illuminate\\Foundation\\Http\\Kernel->Illuminate\\Foundation\\Http\\{closure}()
#32 /home/ploi/manager.tollgate.io/vendor/laravel/nova/src/Http/Middleware/ServeNova.php(23): Illuminate\\Pipeline\\Pipeline->Illuminate\\Pipeline\\{closure}()
#33 /home/ploi/manager.tollgate.io/vendor/laravel/framework/src/Illuminate/Pipeline/Pipeline.php(180): Laravel\\Nova\\Http\\Middleware\\ServeNova->handle()
#34 /home/ploi/manager.tollgate.io/vendor/laravel/framework/src/Illuminate/Foundation/Http/Middleware/TransformsRequest.php(21): Illuminate\\Pipeline\\Pipeline->Illuminate\\Pipeline\\{closure}()
#35 /home/ploi/manager.tollgate.io/vendor/laravel/framework/src/Illuminate/Foundation/Http/Middleware/ConvertEmptyStringsToNull.php(31): Illuminate\\Foundation\\Http\\Middleware\\TransformsRequest->handle()
#36 /home/ploi/manager.tollgate.io/vendor/laravel/framework/src/Illuminate/Pipeline/Pipeline.php(180): Illuminate\\Foundation\\Http\\Middleware\\ConvertEmptyStringsToNull->handle()
#37 /home/ploi/manager.tollgate.io/vendor/laravel/framework/src/Illuminate/Foundation/Http/Middleware/TransformsRequest.php(21): Illuminate\\Pipeline\\Pipeline->Illuminate\\Pipeline\\{closure}()
#38 /home/ploi/manager.tollgate.io/vendor/laravel/framework/src/Illuminate/Foundation/Http/Middleware/TrimStrings.php(40): Illuminate\\Foundation\\Http\\Middleware\\TransformsRequest->handle()
#39 /home/ploi/manager.tollgate.io/vendor/laravel/framework/src/Illuminate/Pipeline/Pipeline.php(180): Illuminate\\Foundation\\Http\\Middleware\\TrimStrings->handle()
#40 /home/ploi/manager.tollgate.io/vendor/laravel/framework/src/Illuminate/Foundation/Http/Middleware/ValidatePostSize.php(27): Illuminate\\Pipeline\\Pipeline->Illuminate\\Pipeline\\{closure}()
#41 /home/ploi/manager.tollgate.io/vendor/laravel/framework/src/Illuminate/Pipeline/Pipeline.php(180): Illuminate\\Foundation\\Http\\Middleware\\ValidatePostSize->handle()
#42 /home/ploi/manager.tollgate.io/vendor/laravel/framework/src/Illuminate/Foundation/Http/Middleware/PreventRequestsDuringMaintenance.php(86): Illuminate\\Pipeline\\Pipeline->Illuminate\\Pipeline\\{closure}()
#43 /home/ploi/manager.tollgate.io/vendor/laravel/framework/src/Illuminate/Pipeline/Pipeline.php(180): Illuminate\\Foundation\\Http\\Middleware\\PreventRequestsDuringMaintenance->handle()
#44 /home/ploi/manager.tollgate.io/vendor/laravel/framework/src/Illuminate/Http/Middleware/HandleCors.php(49): Illuminate\\Pipeline\\Pipeline->Illuminate\\Pipeline\\{closure}()
#45 /home/ploi/manager.tollgate.io/vendor/laravel/framework/src/Illuminate/Pipeline/Pipeline.php(180): Illuminate\\Http\\Middleware\\HandleCors->handle()
#46 /home/ploi/manager.tollgate.io/vendor/laravel/framework/src/Illuminate/Http/Middleware/TrustProxies.php(39): Illuminate\\Pipeline\\Pipeline->Illuminate\\Pipeline\\{closure}()
#47 /home/ploi/manager.tollgate.io/vendor/laravel/framework/src/Illuminate/Pipeline/Pipeline.php(180): Illuminate\\Http\\Middleware\\TrustProxies->handle()
#48 /home/ploi/manager.tollgate.io/vendor/laravel/framework/src/Illuminate/Pipeline/Pipeline.php(116): Illuminate\\Pipeline\\Pipeline->Illuminate\\Pipeline\\{closure}()
#49 /home/ploi/manager.tollgate.io/vendor/laravel/framework/src/Illuminate/Foundation/Http/Kernel.php(142): Illuminate\\Pipeline\\Pipeline->then()
#50 /home/ploi/manager.tollgate.io/vendor/laravel/framework/src/Illuminate/Foundation/Http/Kernel.php(111): Illuminate\\Foundation\\Http\\Kernel->sendRequestThroughRouter()
#51 /home/ploi/manager.tollgate.io/public/index.php(52): Illuminate\\Foundation\\Http\\Kernel->handle()
#52 {main}

[previous exception] [object] (ErrorException(code: 0): Redis::connect(): php_network_getaddresses: getaddrinfo failed: Name or service not known at /home/ploi/manager.tollgate.io/vendor/laravel/framework/src/Illuminate/Redis/Connectors/PhpRedisConnector.php:155)
[stacktrace]
#0 /home/ploi/manager.tollgate.io/vendor/laravel/framework/src/Illuminate/Foundation/Bootstrap/HandleExceptions.php(231): Illuminate\\Foundation\\Bootstrap\\HandleExceptions->handleError()
#1 [internal function]: Illuminate\\Foundation\\Bootstrap\\HandleExceptions->Illuminate\\Foundation\\Bootstrap\\{closure}()
#2 /home/ploi/manager.tollgate.io/vendor/laravel/framework/src/Illuminate/Redis/Connectors/PhpRedisConnector.php(155): Redis->connect()
#3 /home/ploi/manager.tollgate.io/vendor/laravel/framework/src/Illuminate/Redis/Connectors/PhpRedisConnector.php(84): Illuminate\\Redis\\Connectors\\PhpRedisConnector->establishConnection()
#4 /home/ploi/manager.tollgate.io/vendor/laravel/framework/src/Illuminate/Support/helpers.php(302): Illuminate\\Redis\\Connectors\\PhpRedisConnector->Illuminate\\Redis\\Connectors\\{closure}()
#5 /home/ploi/manager.tollgate.io/vendor/laravel/framework/src/Illuminate/Redis/Connectors/PhpRedisConnector.php(125): tap()
#6 /home/ploi/manager.tollgate.io/vendor/laravel/framework/src/Illuminate/Redis/Connectors/PhpRedisConnector.php(28): Illuminate\\Redis\\Connectors\\PhpRedisConnector->createClient()
#7 /home/ploi/manager.tollgate.io/vendor/laravel/framework/src/Illuminate/Redis/Connectors/PhpRedisConnector.php(32): Illuminate\\Redis\\Connectors\\PhpRedisConnector->Illuminate\\Redis\\Connectors\\{closure}()
#8 /home/ploi/manager.tollgate.io/vendor/laravel/framework/src/Illuminate/Redis/RedisManager.php(112): Illuminate\\Redis\\Connectors\\PhpRedisConnector->connect()
#9 /home/ploi/manager.tollgate.io/vendor/laravel/framework/src/Illuminate/Redis/RedisManager.php(91): Illuminate\\Redis\\RedisManager->resolve()
#10 /home/ploi/manager.tollgate.io/vendor/laravel/framework/src/Illuminate/Cache/RedisStore.php(258): Illuminate\\Redis\\RedisManager->connection()
#11 /home/ploi/manager.tollgate.io/vendor/laravel/framework/src/Illuminate/Cache/RedisStore.php(62): Illuminate\\Cache\\RedisStore->connection()
#12 /home/ploi/manager.tollgate.io/vendor/laravel/framework/src/Illuminate/Cache/Repository.php(97): Illuminate\\Cache\\RedisStore->get()
#13 /home/ploi/manager.tollgate.io/vendor/laravel/framework/src/Illuminate/Session/CacheBasedSessionHandler.php(64): Illuminate\\Cache\\Repository->get()
#14 /home/ploi/manager.tollgate.io/vendor/laravel/framework/src/Illuminate/Session/Store.php(106): Illuminate\\Session\\CacheBasedSessionHandler->read()
#15 /home/ploi/manager.tollgate.io/vendor/laravel/framework/src/Illuminate/Session/Store.php(96): Illuminate\\Session\\Store->readFromHandler()
#16 /home/ploi/manager.tollgate.io/vendor/laravel/framework/src/Illuminate/Session/Store.php(80): Illuminate\\Session\\Store->loadSession()
#17 /home/ploi/manager.tollgate.io/vendor/laravel/framework/src/Illuminate/Session/Middleware/StartSession.php(147): Illuminate\\Session\\Store->start()
#18 /home/ploi/manager.tollgate.io/vendor/laravel/framework/src/Illuminate/Support/helpers.php(302): Illuminate\\Session\\Middleware\\StartSession->Illuminate\\Session\\Middleware\\{closure}()
#19 /home/ploi/manager.tollgate.io/vendor/laravel/framework/src/Illuminate/Session/Middleware/StartSession.php(148): tap()
#20 /home/ploi/manager.tollgate.io/vendor/laravel/framework/src/Illuminate/Session/Middleware/StartSession.php(116): Illuminate\\Session\\Middleware\\StartSession->startSession()
#21 /home/ploi/manager.tollgate.io/vendor/laravel/framework/src/Illuminate/Session/Middleware/StartSession.php(64): Illuminate\\Session\\Middleware\\StartSession->handleStatefulRequest()
#22 /home/ploi/manager.tollgate.io/vendor/laravel/framework/src/Illuminate/Pipeline/Pipeline.php(180): Illuminate\\Session\\Middleware\\StartSession->handle()
#23 /home/ploi/manager.tollgate.io/vendor/laravel/framework/src/Illuminate/Cookie/Middleware/AddQueuedCookiesToResponse.php(37): Illuminate\\Pipeline\\Pipeline->Illuminate\\Pipeline\\{closure}()
#24 /home/ploi/manager.tollgate.io/vendor/laravel/framework/src/Illuminate/Pipeline/Pipeline.php(180): Illuminate\\Cookie\\Middleware\\AddQueuedCookiesToResponse->handle()
#25 /home/ploi/manager.tollgate.io/vendor/laravel/framework/src/Illuminate/Cookie/Middleware/EncryptCookies.php(67): Illuminate\\Pipeline\\Pipeline->Illuminate\\Pipeline\\{closure}()
#26 /home/ploi/manager.tollgate.io/vendor/laravel/framework/src/Illuminate/Pipeline/Pipeline.php(180): Illuminate\\Cookie\\Middleware\\EncryptCookies->handle()
#27 /home/ploi/manager.tollgate.io/vendor/laravel/framework/src/Illuminate/Pipeline/Pipeline.php(116): Illuminate\\Pipeline\\Pipeline->Illuminate\\Pipeline\\{closure}()
#28 /home/ploi/manager.tollgate.io/vendor/laravel/framework/src/Illuminate/Routing/Router.php(726): Illuminate\\Pipeline\\Pipeline->then()
#29 /home/ploi/manager.tollgate.io/vendor/laravel/framework/src/Illuminate/Routing/Router.php(703): Illuminate\\Routing\\Router->runRouteWithinStack()
#30 /home/ploi/manager.tollgate.io/vendor/laravel/framework/src/Illuminate/Routing/Router.php(667): Illuminate\\Routing\\Router->runRoute()
#31 /home/ploi/manager.tollgate.io/vendor/laravel/framework/src/Illuminate/Routing/Router.php(656): Illuminate\\Routing\\Router->dispatchToRoute()
#32 /home/ploi/manager.tollgate.io/vendor/laravel/framework/src/Illuminate/Foundation/Http/Kernel.php(167): Illuminate\\Routing\\Router->dispatch()
#33 /home/ploi/manager.tollgate.io/vendor/laravel/framework/src/Illuminate/Pipeline/Pipeline.php(141): Illuminate\\Foundation\\Http\\Kernel->Illuminate\\Foundation\\Http\\{closure}()
#34 /home/ploi/manager.tollgate.io/vendor/laravel/nova/src/Http/Middleware/ServeNova.php(23): Illuminate\\Pipeline\\Pipeline->Illuminate\\Pipeline\\{closure}()
#35 /home/ploi/manager.tollgate.io/vendor/laravel/framework/src/Illuminate/Pipeline/Pipeline.php(180): Laravel\\Nova\\Http\\Middleware\\ServeNova->handle()
#36 /home/ploi/manager.tollgate.io/vendor/laravel/framework/src/Illuminate/Foundation/Http/Middleware/TransformsRequest.php(21): Illuminate\\Pipeline\\Pipeline->Illuminate\\Pipeline\\{closure}()
#37 /home/ploi/manager.tollgate.io/vendor/laravel/framework/src/Illuminate/Foundation/Http/Middleware/ConvertEmptyStringsToNull.php(31): Illuminate\\Foundation\\Http\\Middleware\\TransformsRequest->handle()
#38 /home/ploi/manager.tollgate.io/vendor/laravel/framework/src/Illuminate/Pipeline/Pipeline.php(180): Illuminate\\Foundation\\Http\\Middleware\\ConvertEmptyStringsToNull->handle()
#39 /home/ploi/manager.tollgate.io/vendor/laravel/framework/src/Illuminate/Foundation/Http/Middleware/TransformsRequest.php(21): Illuminate\\Pipeline\\Pipeline->Illuminate\\Pipeline\\{closure}()
#40 /home/ploi/manager.tollgate.io/vendor/laravel/framework/src/Illuminate/Foundation/Http/Middleware/TrimStrings.php(40): Illuminate\\Foundation\\Http\\Middleware\\TransformsRequest->handle()
#41 /home/ploi/manager.tollgate.io/vendor/laravel/framework/src/Illuminate/Pipeline/Pipeline.php(180): Illuminate\\Foundation\\Http\\Middleware\\TrimStrings->handle()
#42 /home/ploi/manager.tollgate.io/vendor/laravel/framework/src/Illuminate/Foundation/Http/Middleware/ValidatePostSize.php(27): Illuminate\\Pipeline\\Pipeline->Illuminate\\Pipeline\\{closure}()
#43 /home/ploi/manager.tollgate.io/vendor/laravel/framework/src/Illuminate/Pipeline/Pipeline.php(180): Illuminate\\Foundation\\Http\\Middleware\\ValidatePostSize->handle()
#44 /home/ploi/manager.tollgate.io/vendor/laravel/framework/src/Illuminate/Foundation/Http/Middleware/PreventRequestsDuringMaintenance.php(86): Illuminate\\Pipeline\\Pipeline->Illuminate\\Pipeline\\{closure}()
#45 /home/ploi/manager.tollgate.io/vendor/laravel/framework/src/Illuminate/Pipeline/Pipeline.php(180): Illuminate\\Foundation\\Http\\Middleware\\PreventRequestsDuringMaintenance->handle()
#46 /home/ploi/manager.tollgate.io/vendor/laravel/framework/src/Illuminate/Http/Middleware/HandleCors.php(49): Illuminate\\Pipeline\\Pipeline->Illuminate\\Pipeline\\{closure}()
#47 /home/ploi/manager.tollgate.io/vendor/laravel/framework/src/Illuminate/Pipeline/Pipeline.php(180): Illuminate\\Http\\Middleware\\HandleCors->handle()
#48 /home/ploi/manager.tollgate.io/vendor/laravel/framework/src/Illuminate/Http/Middleware/TrustProxies.php(39): Illuminate\\Pipeline\\Pipeline->Illuminate\\Pipeline\\{closure}()
#49 /home/ploi/manager.tollgate.io/vendor/laravel/framework/src/Illuminate/Pipeline/Pipeline.php(180): Illuminate\\Http\\Middleware\\TrustProxies->handle()
#50 /home/ploi/manager.tollgate.io/vendor/laravel/framework/src/Illuminate/Pipeline/Pipeline.php(116): Illuminate\\Pipeline\\Pipeline->Illuminate\\Pipeline\\{closure}()
#51 /home/ploi/manager.tollgate.io/vendor/laravel/framework/src/Illuminate/Foundation/Http/Kernel.php(142): Illuminate\\Pipeline\\Pipeline->then()
#52 /home/ploi/manager.tollgate.io/vendor/laravel/framework/src/Illuminate/Foundation/Http/Kernel.php(111): Illuminate\\Foundation\\Http\\Kernel->sendRequestThroughRouter()
#53 /home/ploi/manager.tollgate.io/public/index.php(52): Illuminate\\Foundation\\Http\\Kernel->handle()
#54 {main}
"} 
[2022-04-22 02:24:08] local.ERROR: php_network_getaddresses: getaddrinfo failed: Name or service not known {"exception":"[object] (RedisException(code: 0): php_network_getaddresses: getaddrinfo failed: Name or service not known at /home/ploi/manager.tollgate.io/vendor/laravel/framework/src/Illuminate/Redis/Connectors/PhpRedisConnector.php:155)
[stacktrace]
#0 /home/ploi/manager.tollgate.io/vendor/laravel/framework/src/Illuminate/Redis/Connectors/PhpRedisConnector.php(155): Redis->connect()
#1 /home/ploi/manager.tollgate.io/vendor/laravel/framework/src/Illuminate/Redis/Connectors/PhpRedisConnector.php(84): Illuminate\\Redis\\Connectors\\PhpRedisConnector->establishConnection()
#2 /home/ploi/manager.tollgate.io/vendor/laravel/framework/src/Illuminate/Support/helpers.php(302): Illuminate\\Redis\\Connectors\\PhpRedisConnector->Illuminate\\Redis\\Connectors\\{closure}()
#3 /home/ploi/manager.tollgate.io/vendor/laravel/framework/src/Illuminate/Redis/Connectors/PhpRedisConnector.php(125): tap()
#4 /home/ploi/manager.tollgate.io/vendor/laravel/framework/src/Illuminate/Redis/Connectors/PhpRedisConnector.php(28): Illuminate\\Redis\\Connectors\\PhpRedisConnector->createClient()
#5 /home/ploi/manager.tollgate.io/vendor/laravel/framework/src/Illuminate/Redis/Connectors/PhpRedisConnector.php(32): Illuminate\\Redis\\Connectors\\PhpRedisConnector->Illuminate\\Redis\\Connectors\\{closure}()
#6 /home/ploi/manager.tollgate.io/vendor/laravel/framework/src/Illuminate/Redis/RedisManager.php(112): Illuminate\\Redis\\Connectors\\PhpRedisConnector->connect()
#7 /home/ploi/manager.tollgate.io/vendor/laravel/framework/src/Illuminate/Redis/RedisManager.php(91): Illuminate\\Redis\\RedisManager->resolve()
#8 /home/ploi/manager.tollgate.io/vendor/laravel/framework/src/Illuminate/Cache/RedisStore.php(258): Illuminate\\Redis\\RedisManager->connection()
#9 /home/ploi/manager.tollgate.io/vendor/laravel/framework/src/Illuminate/Cache/RedisStore.php(62): Illuminate\\Cache\\RedisStore->connection()
#10 /home/ploi/manager.tollgate.io/vendor/laravel/framework/src/Illuminate/Cache/Repository.php(97): Illuminate\\Cache\\RedisStore->get()
#11 /home/ploi/manager.tollgate.io/vendor/laravel/framework/src/Illuminate/Session/CacheBasedSessionHandler.php(64): Illuminate\\Cache\\Repository->get()
#12 /home/ploi/manager.tollgate.io/vendor/laravel/framework/src/Illuminate/Session/Store.php(106): Illuminate\\Session\\CacheBasedSessionHandler->read()
#13 /home/ploi/manager.tollgate.io/vendor/laravel/framework/src/Illuminate/Session/Store.php(96): Illuminate\\Session\\Store->readFromHandler()
#14 /home/ploi/manager.tollgate.io/vendor/laravel/framework/src/Illuminate/Session/Store.php(80): Illuminate\\Session\\Store->loadSession()
#15 /home/ploi/manager.tollgate.io/vendor/laravel/framework/src/Illuminate/Session/Middleware/StartSession.php(147): Illuminate\\Session\\Store->start()
#16 /home/ploi/manager.tollgate.io/vendor/laravel/framework/src/Illuminate/Support/helpers.php(302): Illuminate\\Session\\Middleware\\StartSession->Illuminate\\Session\\Middleware\\{closure}()
#17 /home/ploi/manager.tollgate.io/vendor/laravel/framework/src/Illuminate/Session/Middleware/StartSession.php(148): tap()
#18 /home/ploi/manager.tollgate.io/vendor/laravel/framework/src/Illuminate/Session/Middleware/StartSession.php(116): Illuminate\\Session\\Middleware\\StartSession->startSession()
#19 /home/ploi/manager.tollgate.io/vendor/laravel/framework/src/Illuminate/Session/Middleware/StartSession.php(64): Illuminate\\Session\\Middleware\\StartSession->handleStatefulRequest()
#20 /home/ploi/manager.tollgate.io/vendor/laravel/framework/src/Illuminate/Pipeline/Pipeline.php(180): Illuminate\\Session\\Middleware\\StartSession->handle()
#21 /home/ploi/manager.tollgate.io/vendor/laravel/framework/src/Illuminate/Cookie/Middleware/AddQueuedCookiesToResponse.php(37): Illuminate\\Pipeline\\Pipeline->Illuminate\\Pipeline\\{closure}()
#22 /home/ploi/manager.tollgate.io/vendor/laravel/framework/src/Illuminate/Pipeline/Pipeline.php(180): Illuminate\\Cookie\\Middleware\\AddQueuedCookiesToResponse->handle()
#23 /home/ploi/manager.tollgate.io/vendor/laravel/framework/src/Illuminate/Cookie/Middleware/EncryptCookies.php(67): Illuminate\\Pipeline\\Pipeline->Illuminate\\Pipeline\\{closure}()
#24 /home/ploi/manager.tollgate.io/vendor/laravel/framework/src/Illuminate/Pipeline/Pipeline.php(180): Illuminate\\Cookie\\Middleware\\EncryptCookies->handle()
#25 /home/ploi/manager.tollgate.io/vendor/laravel/framework/src/Illuminate/Pipeline/Pipeline.php(116): Illuminate\\Pipeline\\Pipeline->Illuminate\\Pipeline\\{closure}()
#26 /home/ploi/manager.tollgate.io/vendor/laravel/framework/src/Illuminate/Routing/Router.php(726): Illuminate\\Pipeline\\Pipeline->then()
#27 /home/ploi/manager.tollgate.io/vendor/laravel/framework/src/Illuminate/Routing/Router.php(703): Illuminate\\Routing\\Router->runRouteWithinStack()
#28 /home/ploi/manager.tollgate.io/vendor/laravel/framework/src/Illuminate/Routing/Router.php(667): Illuminate\\Routing\\Router->runRoute()
#29 /home/ploi/manager.tollgate.io/vendor/laravel/framework/src/Illuminate/Routing/Router.php(656): Illuminate\\Routing\\Router->dispatchToRoute()
#30 /home/ploi/manager.tollgate.io/vendor/laravel/framework/src/Illuminate/Foundation/Http/Kernel.php(167): Illuminate\\Routing\\Router->dispatch()
#31 /home/ploi/manager.tollgate.io/vendor/laravel/framework/src/Illuminate/Pipeline/Pipeline.php(141): Illuminate\\Foundation\\Http\\Kernel->Illuminate\\Foundation\\Http\\{closure}()
#32 /home/ploi/manager.tollgate.io/vendor/laravel/nova/src/Http/Middleware/ServeNova.php(23): Illuminate\\Pipeline\\Pipeline->Illuminate\\Pipeline\\{closure}()
#33 /home/ploi/manager.tollgate.io/vendor/laravel/framework/src/Illuminate/Pipeline/Pipeline.php(180): Laravel\\Nova\\Http\\Middleware\\ServeNova->handle()
#34 /home/ploi/manager.tollgate.io/vendor/laravel/framework/src/Illuminate/Foundation/Http/Middleware/TransformsRequest.php(21): Illuminate\\Pipeline\\Pipeline->Illuminate\\Pipeline\\{closure}()
#35 /home/ploi/manager.tollgate.io/vendor/laravel/framework/src/Illuminate/Foundation/Http/Middleware/ConvertEmptyStringsToNull.php(31): Illuminate\\Foundation\\Http\\Middleware\\TransformsRequest->handle()
#36 /home/ploi/manager.tollgate.io/vendor/laravel/framework/src/Illuminate/Pipeline/Pipeline.php(180): Illuminate\\Foundation\\Http\\Middleware\\ConvertEmptyStringsToNull->handle()
#37 /home/ploi/manager.tollgate.io/vendor/laravel/framework/src/Illuminate/Foundation/Http/Middleware/TransformsRequest.php(21): Illuminate\\Pipeline\\Pipeline->Illuminate\\Pipeline\\{closure}()
#38 /home/ploi/manager.tollgate.io/vendor/laravel/framework/src/Illuminate/Foundation/Http/Middleware/TrimStrings.php(40): Illuminate\\Foundation\\Http\\Middleware\\TransformsRequest->handle()
#39 /home/ploi/manager.tollgate.io/vendor/laravel/framework/src/Illuminate/Pipeline/Pipeline.php(180): Illuminate\\Foundation\\Http\\Middleware\\TrimStrings->handle()
#40 /home/ploi/manager.tollgate.io/vendor/laravel/framework/src/Illuminate/Foundation/Http/Middleware/ValidatePostSize.php(27): Illuminate\\Pipeline\\Pipeline->Illuminate\\Pipeline\\{closure}()
#41 /home/ploi/manager.tollgate.io/vendor/laravel/framework/src/Illuminate/Pipeline/Pipeline.php(180): Illuminate\\Foundation\\Http\\Middleware\\ValidatePostSize->handle()
#42 /home/ploi/manager.tollgate.io/vendor/laravel/framework/src/Illuminate/Foundation/Http/Middleware/PreventRequestsDuringMaintenance.php(86): Illuminate\\Pipeline\\Pipeline->Illuminate\\Pipeline\\{closure}()
#43 /home/ploi/manager.tollgate.io/vendor/laravel/framework/src/Illuminate/Pipeline/Pipeline.php(180): Illuminate\\Foundation\\Http\\Middleware\\PreventRequestsDuringMaintenance->handle()
#44 /home/ploi/manager.tollgate.io/vendor/laravel/framework/src/Illuminate/Http/Middleware/HandleCors.php(49): Illuminate\\Pipeline\\Pipeline->Illuminate\\Pipeline\\{closure}()
#45 /home/ploi/manager.tollgate.io/vendor/laravel/framework/src/Illuminate/Pipeline/Pipeline.php(180): Illuminate\\Http\\Middleware\\HandleCors->handle()
#46 /home/ploi/manager.tollgate.io/vendor/laravel/framework/src/Illuminate/Http/Middleware/TrustProxies.php(39): Illuminate\\Pipeline\\Pipeline->Illuminate\\Pipeline\\{closure}()
#47 /home/ploi/manager.tollgate.io/vendor/laravel/framework/src/Illuminate/Pipeline/Pipeline.php(180): Illuminate\\Http\\Middleware\\TrustProxies->handle()
#48 /home/ploi/manager.tollgate.io/vendor/laravel/framework/src/Illuminate/Pipeline/Pipeline.php(116): Illuminate\\Pipeline\\Pipeline->Illuminate\\Pipeline\\{closure}()
#49 /home/ploi/manager.tollgate.io/vendor/laravel/framework/src/Illuminate/Foundation/Http/Kernel.php(142): Illuminate\\Pipeline\\Pipeline->then()
#50 /home/ploi/manager.tollgate.io/vendor/laravel/framework/src/Illuminate/Foundation/Http/Kernel.php(111): Illuminate\\Foundation\\Http\\Kernel->sendRequestThroughRouter()
#51 /home/ploi/manager.tollgate.io/public/index.php(52): Illuminate\\Foundation\\Http\\Kernel->handle()
#52 {main}

[previous exception] [object] (ErrorException(code: 0): Redis::connect(): php_network_getaddresses: getaddrinfo failed: Name or service not known at /home/ploi/manager.tollgate.io/vendor/laravel/framework/src/Illuminate/Redis/Connectors/PhpRedisConnector.php:155)
[stacktrace]
#0 /home/ploi/manager.tollgate.io/vendor/laravel/framework/src/Illuminate/Foundation/Bootstrap/HandleExceptions.php(231): Illuminate\\Foundation\\Bootstrap\\HandleExceptions->handleError()
#1 [internal function]: Illuminate\\Foundation\\Bootstrap\\HandleExceptions->Illuminate\\Foundation\\Bootstrap\\{closure}()
#2 /home/ploi/manager.tollgate.io/vendor/laravel/framework/src/Illuminate/Redis/Connectors/PhpRedisConnector.php(155): Redis->connect()
#3 /home/ploi/manager.tollgate.io/vendor/laravel/framework/src/Illuminate/Redis/Connectors/PhpRedisConnector.php(84): Illuminate\\Redis\\Connectors\\PhpRedisConnector->establishConnection()
#4 /home/ploi/manager.tollgate.io/vendor/laravel/framework/src/Illuminate/Support/helpers.php(302): Illuminate\\Redis\\Connectors\\PhpRedisConnector->Illuminate\\Redis\\Connectors\\{closure}()
#5 /home/ploi/manager.tollgate.io/vendor/laravel/framework/src/Illuminate/Redis/Connectors/PhpRedisConnector.php(125): tap()
#6 /home/ploi/manager.tollgate.io/vendor/laravel/framework/src/Illuminate/Redis/Connectors/PhpRedisConnector.php(28): Illuminate\\Redis\\Connectors\\PhpRedisConnector->createClient()
#7 /home/ploi/manager.tollgate.io/vendor/laravel/framework/src/Illuminate/Redis/Connectors/PhpRedisConnector.php(32): Illuminate\\Redis\\Connectors\\PhpRedisConnector->Illuminate\\Redis\\Connectors\\{closure}()
#8 /home/ploi/manager.tollgate.io/vendor/laravel/framework/src/Illuminate/Redis/RedisManager.php(112): Illuminate\\Redis\\Connectors\\PhpRedisConnector->connect()
#9 /home/ploi/manager.tollgate.io/vendor/laravel/framework/src/Illuminate/Redis/RedisManager.php(91): Illuminate\\Redis\\RedisManager->resolve()
#10 /home/ploi/manager.tollgate.io/vendor/laravel/framework/src/Illuminate/Cache/RedisStore.php(258): Illuminate\\Redis\\RedisManager->connection()
#11 /home/ploi/manager.tollgate.io/vendor/laravel/framework/src/Illuminate/Cache/RedisStore.php(62): Illuminate\\Cache\\RedisStore->connection()
#12 /home/ploi/manager.tollgate.io/vendor/laravel/framework/src/Illuminate/Cache/Repository.php(97): Illuminate\\Cache\\RedisStore->get()
#13 /home/ploi/manager.tollgate.io/vendor/laravel/framework/src/Illuminate/Session/CacheBasedSessionHandler.php(64): Illuminate\\Cache\\Repository->get()
#14 /home/ploi/manager.tollgate.io/vendor/laravel/framework/src/Illuminate/Session/Store.php(106): Illuminate\\Session\\CacheBasedSessionHandler->read()
#15 /home/ploi/manager.tollgate.io/vendor/laravel/framework/src/Illuminate/Session/Store.php(96): Illuminate\\Session\\Store->readFromHandler()
#16 /home/ploi/manager.tollgate.io/vendor/laravel/framework/src/Illuminate/Session/Store.php(80): Illuminate\\Session\\Store->loadSession()
#17 /home/ploi/manager.tollgate.io/vendor/laravel/framework/src/Illuminate/Session/Middleware/StartSession.php(147): Illuminate\\Session\\Store->start()
#18 /home/ploi/manager.tollgate.io/vendor/laravel/framework/src/Illuminate/Support/helpers.php(302): Illuminate\\Session\\Middleware\\StartSession->Illuminate\\Session\\Middleware\\{closure}()
#19 /home/ploi/manager.tollgate.io/vendor/laravel/framework/src/Illuminate/Session/Middleware/StartSession.php(148): tap()
#20 /home/ploi/manager.tollgate.io/vendor/laravel/framework/src/Illuminate/Session/Middleware/StartSession.php(116): Illuminate\\Session\\Middleware\\StartSession->startSession()
#21 /home/ploi/manager.tollgate.io/vendor/laravel/framework/src/Illuminate/Session/Middleware/StartSession.php(64): Illuminate\\Session\\Middleware\\StartSession->handleStatefulRequest()
#22 /home/ploi/manager.tollgate.io/vendor/laravel/framework/src/Illuminate/Pipeline/Pipeline.php(180): Illuminate\\Session\\Middleware\\StartSession->handle()
#23 /home/ploi/manager.tollgate.io/vendor/laravel/framework/src/Illuminate/Cookie/Middleware/AddQueuedCookiesToResponse.php(37): Illuminate\\Pipeline\\Pipeline->Illuminate\\Pipeline\\{closure}()
#24 /home/ploi/manager.tollgate.io/vendor/laravel/framework/src/Illuminate/Pipeline/Pipeline.php(180): Illuminate\\Cookie\\Middleware\\AddQueuedCookiesToResponse->handle()
#25 /home/ploi/manager.tollgate.io/vendor/laravel/framework/src/Illuminate/Cookie/Middleware/EncryptCookies.php(67): Illuminate\\Pipeline\\Pipeline->Illuminate\\Pipeline\\{closure}()
#26 /home/ploi/manager.tollgate.io/vendor/laravel/framework/src/Illuminate/Pipeline/Pipeline.php(180): Illuminate\\Cookie\\Middleware\\EncryptCookies->handle()
#27 /home/ploi/manager.tollgate.io/vendor/laravel/framework/src/Illuminate/Pipeline/Pipeline.php(116): Illuminate\\Pipeline\\Pipeline->Illuminate\\Pipeline\\{closure}()
#28 /home/ploi/manager.tollgate.io/vendor/laravel/framework/src/Illuminate/Routing/Router.php(726): Illuminate\\Pipeline\\Pipeline->then()
#29 /home/ploi/manager.tollgate.io/vendor/laravel/framework/src/Illuminate/Routing/Router.php(703): Illuminate\\Routing\\Router->runRouteWithinStack()
#30 /home/ploi/manager.tollgate.io/vendor/laravel/framework/src/Illuminate/Routing/Router.php(667): Illuminate\\Routing\\Router->runRoute()
#31 /home/ploi/manager.tollgate.io/vendor/laravel/framework/src/Illuminate/Routing/Router.php(656): Illuminate\\Routing\\Router->dispatchToRoute()
#32 /home/ploi/manager.tollgate.io/vendor/laravel/framework/src/Illuminate/Foundation/Http/Kernel.php(167): Illuminate\\Routing\\Router->dispatch()
#33 /home/ploi/manager.tollgate.io/vendor/laravel/framework/src/Illuminate/Pipeline/Pipeline.php(141): Illuminate\\Foundation\\Http\\Kernel->Illuminate\\Foundation\\Http\\{closure}()
#34 /home/ploi/manager.tollgate.io/vendor/laravel/nova/src/Http/Middleware/ServeNova.php(23): Illuminate\\Pipeline\\Pipeline->Illuminate\\Pipeline\\{closure}()
#35 /home/ploi/manager.tollgate.io/vendor/laravel/framework/src/Illuminate/Pipeline/Pipeline.php(180): Laravel\\Nova\\Http\\Middleware\\ServeNova->handle()
#36 /home/ploi/manager.tollgate.io/vendor/laravel/framework/src/Illuminate/Foundation/Http/Middleware/TransformsRequest.php(21): Illuminate\\Pipeline\\Pipeline->Illuminate\\Pipeline\\{closure}()
#37 /home/ploi/manager.tollgate.io/vendor/laravel/framework/src/Illuminate/Foundation/Http/Middleware/ConvertEmptyStringsToNull.php(31): Illuminate\\Foundation\\Http\\Middleware\\TransformsRequest->handle()
#38 /home/ploi/manager.tollgate.io/vendor/laravel/framework/src/Illuminate/Pipeline/Pipeline.php(180): Illuminate\\Foundation\\Http\\Middleware\\ConvertEmptyStringsToNull->handle()
#39 /home/ploi/manager.tollgate.io/vendor/laravel/framework/src/Illuminate/Foundation/Http/Middleware/TransformsRequest.php(21): Illuminate\\Pipeline\\Pipeline->Illuminate\\Pipeline\\{closure}()
#40 /home/ploi/manager.tollgate.io/vendor/laravel/framework/src/Illuminate/Foundation/Http/Middleware/TrimStrings.php(40): Illuminate\\Foundation\\Http\\Middleware\\TransformsRequest->handle()
#41 /home/ploi/manager.tollgate.io/vendor/laravel/framework/src/Illuminate/Pipeline/Pipeline.php(180): Illuminate\\Foundation\\Http\\Middleware\\TrimStrings->handle()
#42 /home/ploi/manager.tollgate.io/vendor/laravel/framework/src/Illuminate/Foundation/Http/Middleware/ValidatePostSize.php(27): Illuminate\\Pipeline\\Pipeline->Illuminate\\Pipeline\\{closure}()
#43 /home/ploi/manager.tollgate.io/vendor/laravel/framework/src/Illuminate/Pipeline/Pipeline.php(180): Illuminate\\Foundation\\Http\\Middleware\\ValidatePostSize->handle()
#44 /home/ploi/manager.tollgate.io/vendor/laravel/framework/src/Illuminate/Foundation/Http/Middleware/PreventRequestsDuringMaintenance.php(86): Illuminate\\Pipeline\\Pipeline->Illuminate\\Pipeline\\{closure}()
#45 /home/ploi/manager.tollgate.io/vendor/laravel/framework/src/Illuminate/Pipeline/Pipeline.php(180): Illuminate\\Foundation\\Http\\Middleware\\PreventRequestsDuringMaintenance->handle()
#46 /home/ploi/manager.tollgate.io/vendor/laravel/framework/src/Illuminate/Http/Middleware/HandleCors.php(49): Illuminate\\Pipeline\\Pipeline->Illuminate\\Pipeline\\{closure}()
#47 /home/ploi/manager.tollgate.io/vendor/laravel/framework/src/Illuminate/Pipeline/Pipeline.php(180): Illuminate\\Http\\Middleware\\HandleCors->handle()
#48 /home/ploi/manager.tollgate.io/vendor/laravel/framework/src/Illuminate/Http/Middleware/TrustProxies.php(39): Illuminate\\Pipeline\\Pipeline->Illuminate\\Pipeline\\{closure}()
#49 /home/ploi/manager.tollgate.io/vendor/laravel/framework/src/Illuminate/Pipeline/Pipeline.php(180): Illuminate\\Http\\Middleware\\TrustProxies->handle()
#50 /home/ploi/manager.tollgate.io/vendor/laravel/framework/src/Illuminate/Pipeline/Pipeline.php(116): Illuminate\\Pipeline\\Pipeline->Illuminate\\Pipeline\\{closure}()
#51 /home/ploi/manager.tollgate.io/vendor/laravel/framework/src/Illuminate/Foundation/Http/Kernel.php(142): Illuminate\\Pipeline\\Pipeline->then()
#52 /home/ploi/manager.tollgate.io/vendor/laravel/framework/src/Illuminate/Foundation/Http/Kernel.php(111): Illuminate\\Foundation\\Http\\Kernel->sendRequestThroughRouter()
#53 /home/ploi/manager.tollgate.io/public/index.php(52): Illuminate\\Foundation\\Http\\Kernel->handle()
#54 {main}
"} 
[2022-04-22 17:32:30] local.ERROR: php_network_getaddresses: getaddrinfo failed: Name or service not known {"exception":"[object] (RedisException(code: 0): php_network_getaddresses: getaddrinfo failed: Name or service not known at /home/ploi/manager.tollgate.io/vendor/laravel/framework/src/Illuminate/Redis/Connectors/PhpRedisConnector.php:155)
[stacktrace]
#0 /home/ploi/manager.tollgate.io/vendor/laravel/framework/src/Illuminate/Redis/Connectors/PhpRedisConnector.php(155): Redis->connect()
#1 /home/ploi/manager.tollgate.io/vendor/laravel/framework/src/Illuminate/Redis/Connectors/PhpRedisConnector.php(84): Illuminate\\Redis\\Connectors\\PhpRedisConnector->establishConnection()
#2 /home/ploi/manager.tollgate.io/vendor/laravel/framework/src/Illuminate/Support/helpers.php(302): Illuminate\\Redis\\Connectors\\PhpRedisConnector->Illuminate\\Redis\\Connectors\\{closure}()
#3 /home/ploi/manager.tollgate.io/vendor/laravel/framework/src/Illuminate/Redis/Connectors/PhpRedisConnector.php(125): tap()
#4 /home/ploi/manager.tollgate.io/vendor/laravel/framework/src/Illuminate/Redis/Connectors/PhpRedisConnector.php(28): Illuminate\\Redis\\Connectors\\PhpRedisConnector->createClient()
#5 /home/ploi/manager.tollgate.io/vendor/laravel/framework/src/Illuminate/Redis/Connectors/PhpRedisConnector.php(32): Illuminate\\Redis\\Connectors\\PhpRedisConnector->Illuminate\\Redis\\Connectors\\{closure}()
#6 /home/ploi/manager.tollgate.io/vendor/laravel/framework/src/Illuminate/Redis/RedisManager.php(112): Illuminate\\Redis\\Connectors\\PhpRedisConnector->connect()
#7 /home/ploi/manager.tollgate.io/vendor/laravel/framework/src/Illuminate/Redis/RedisManager.php(91): Illuminate\\Redis\\RedisManager->resolve()
#8 /home/ploi/manager.tollgate.io/vendor/laravel/framework/src/Illuminate/Cache/RedisStore.php(258): Illuminate\\Redis\\RedisManager->connection()
#9 /home/ploi/manager.tollgate.io/vendor/laravel/framework/src/Illuminate/Cache/RedisStore.php(62): Illuminate\\Cache\\RedisStore->connection()
#10 /home/ploi/manager.tollgate.io/vendor/laravel/framework/src/Illuminate/Cache/Repository.php(97): Illuminate\\Cache\\RedisStore->get()
#11 /home/ploi/manager.tollgate.io/vendor/laravel/framework/src/Illuminate/Session/CacheBasedSessionHandler.php(64): Illuminate\\Cache\\Repository->get()
#12 /home/ploi/manager.tollgate.io/vendor/laravel/framework/src/Illuminate/Session/Store.php(106): Illuminate\\Session\\CacheBasedSessionHandler->read()
#13 /home/ploi/manager.tollgate.io/vendor/laravel/framework/src/Illuminate/Session/Store.php(96): Illuminate\\Session\\Store->readFromHandler()
#14 /home/ploi/manager.tollgate.io/vendor/laravel/framework/src/Illuminate/Session/Store.php(80): Illuminate\\Session\\Store->loadSession()
#15 /home/ploi/manager.tollgate.io/vendor/laravel/framework/src/Illuminate/Session/Middleware/StartSession.php(147): Illuminate\\Session\\Store->start()
#16 /home/ploi/manager.tollgate.io/vendor/laravel/framework/src/Illuminate/Support/helpers.php(302): Illuminate\\Session\\Middleware\\StartSession->Illuminate\\Session\\Middleware\\{closure}()
#17 /home/ploi/manager.tollgate.io/vendor/laravel/framework/src/Illuminate/Session/Middleware/StartSession.php(148): tap()
#18 /home/ploi/manager.tollgate.io/vendor/laravel/framework/src/Illuminate/Session/Middleware/StartSession.php(116): Illuminate\\Session\\Middleware\\StartSession->startSession()
#19 /home/ploi/manager.tollgate.io/vendor/laravel/framework/src/Illuminate/Session/Middleware/StartSession.php(64): Illuminate\\Session\\Middleware\\StartSession->handleStatefulRequest()
#20 /home/ploi/manager.tollgate.io/vendor/laravel/framework/src/Illuminate/Pipeline/Pipeline.php(180): Illuminate\\Session\\Middleware\\StartSession->handle()
#21 /home/ploi/manager.tollgate.io/vendor/laravel/framework/src/Illuminate/Cookie/Middleware/AddQueuedCookiesToResponse.php(37): Illuminate\\Pipeline\\Pipeline->Illuminate\\Pipeline\\{closure}()
#22 /home/ploi/manager.tollgate.io/vendor/laravel/framework/src/Illuminate/Pipeline/Pipeline.php(180): Illuminate\\Cookie\\Middleware\\AddQueuedCookiesToResponse->handle()
#23 /home/ploi/manager.tollgate.io/vendor/laravel/framework/src/Illuminate/Cookie/Middleware/EncryptCookies.php(67): Illuminate\\Pipeline\\Pipeline->Illuminate\\Pipeline\\{closure}()
#24 /home/ploi/manager.tollgate.io/vendor/laravel/framework/src/Illuminate/Pipeline/Pipeline.php(180): Illuminate\\Cookie\\Middleware\\EncryptCookies->handle()
#25 /home/ploi/manager.tollgate.io/vendor/laravel/framework/src/Illuminate/Pipeline/Pipeline.php(116): Illuminate\\Pipeline\\Pipeline->Illuminate\\Pipeline\\{closure}()
#26 /home/ploi/manager.tollgate.io/vendor/laravel/framework/src/Illuminate/Routing/Router.php(726): Illuminate\\Pipeline\\Pipeline->then()
#27 /home/ploi/manager.tollgate.io/vendor/laravel/framework/src/Illuminate/Routing/Router.php(703): Illuminate\\Routing\\Router->runRouteWithinStack()
#28 /home/ploi/manager.tollgate.io/vendor/laravel/framework/src/Illuminate/Routing/Router.php(667): Illuminate\\Routing\\Router->runRoute()
#29 /home/ploi/manager.tollgate.io/vendor/laravel/framework/src/Illuminate/Routing/Router.php(656): Illuminate\\Routing\\Router->dispatchToRoute()
#30 /home/ploi/manager.tollgate.io/vendor/laravel/framework/src/Illuminate/Foundation/Http/Kernel.php(167): Illuminate\\Routing\\Router->dispatch()
#31 /home/ploi/manager.tollgate.io/vendor/laravel/framework/src/Illuminate/Pipeline/Pipeline.php(141): Illuminate\\Foundation\\Http\\Kernel->Illuminate\\Foundation\\Http\\{closure}()
#32 /home/ploi/manager.tollgate.io/vendor/laravel/nova/src/Http/Middleware/ServeNova.php(23): Illuminate\\Pipeline\\Pipeline->Illuminate\\Pipeline\\{closure}()
#33 /home/ploi/manager.tollgate.io/vendor/laravel/framework/src/Illuminate/Pipeline/Pipeline.php(180): Laravel\\Nova\\Http\\Middleware\\ServeNova->handle()
#34 /home/ploi/manager.tollgate.io/vendor/laravel/framework/src/Illuminate/Foundation/Http/Middleware/TransformsRequest.php(21): Illuminate\\Pipeline\\Pipeline->Illuminate\\Pipeline\\{closure}()
#35 /home/ploi/manager.tollgate.io/vendor/laravel/framework/src/Illuminate/Foundation/Http/Middleware/ConvertEmptyStringsToNull.php(31): Illuminate\\Foundation\\Http\\Middleware\\TransformsRequest->handle()
#36 /home/ploi/manager.tollgate.io/vendor/laravel/framework/src/Illuminate/Pipeline/Pipeline.php(180): Illuminate\\Foundation\\Http\\Middleware\\ConvertEmptyStringsToNull->handle()
#37 /home/ploi/manager.tollgate.io/vendor/laravel/framework/src/Illuminate/Foundation/Http/Middleware/TransformsRequest.php(21): Illuminate\\Pipeline\\Pipeline->Illuminate\\Pipeline\\{closure}()
#38 /home/ploi/manager.tollgate.io/vendor/laravel/framework/src/Illuminate/Foundation/Http/Middleware/TrimStrings.php(40): Illuminate\\Foundation\\Http\\Middleware\\TransformsRequest->handle()
#39 /home/ploi/manager.tollgate.io/vendor/laravel/framework/src/Illuminate/Pipeline/Pipeline.php(180): Illuminate\\Foundation\\Http\\Middleware\\TrimStrings->handle()
#40 /home/ploi/manager.tollgate.io/vendor/laravel/framework/src/Illuminate/Foundation/Http/Middleware/ValidatePostSize.php(27): Illuminate\\Pipeline\\Pipeline->Illuminate\\Pipeline\\{closure}()
#41 /home/ploi/manager.tollgate.io/vendor/laravel/framework/src/Illuminate/Pipeline/Pipeline.php(180): Illuminate\\Foundation\\Http\\Middleware\\ValidatePostSize->handle()
#42 /home/ploi/manager.tollgate.io/vendor/laravel/framework/src/Illuminate/Foundation/Http/Middleware/PreventRequestsDuringMaintenance.php(86): Illuminate\\Pipeline\\Pipeline->Illuminate\\Pipeline\\{closure}()
#43 /home/ploi/manager.tollgate.io/vendor/laravel/framework/src/Illuminate/Pipeline/Pipeline.php(180): Illuminate\\Foundation\\Http\\Middleware\\PreventRequestsDuringMaintenance->handle()
#44 /home/ploi/manager.tollgate.io/vendor/laravel/framework/src/Illuminate/Http/Middleware/HandleCors.php(49): Illuminate\\Pipeline\\Pipeline->Illuminate\\Pipeline\\{closure}()
#45 /home/ploi/manager.tollgate.io/vendor/laravel/framework/src/Illuminate/Pipeline/Pipeline.php(180): Illuminate\\Http\\Middleware\\HandleCors->handle()
#46 /home/ploi/manager.tollgate.io/vendor/laravel/framework/src/Illuminate/Http/Middleware/TrustProxies.php(39): Illuminate\\Pipeline\\Pipeline->Illuminate\\Pipeline\\{closure}()
#47 /home/ploi/manager.tollgate.io/vendor/laravel/framework/src/Illuminate/Pipeline/Pipeline.php(180): Illuminate\\Http\\Middleware\\TrustProxies->handle()
#48 /home/ploi/manager.tollgate.io/vendor/laravel/framework/src/Illuminate/Pipeline/Pipeline.php(116): Illuminate\\Pipeline\\Pipeline->Illuminate\\Pipeline\\{closure}()
#49 /home/ploi/manager.tollgate.io/vendor/laravel/framework/src/Illuminate/Foundation/Http/Kernel.php(142): Illuminate\\Pipeline\\Pipeline->then()
#50 /home/ploi/manager.tollgate.io/vendor/laravel/framework/src/Illuminate/Foundation/Http/Kernel.php(111): Illuminate\\Foundation\\Http\\Kernel->sendRequestThroughRouter()
#51 /home/ploi/manager.tollgate.io/public/index.php(52): Illuminate\\Foundation\\Http\\Kernel->handle()
#52 {main}

[previous exception] [object] (ErrorException(code: 0): Redis::connect(): php_network_getaddresses: getaddrinfo failed: Name or service not known at /home/ploi/manager.tollgate.io/vendor/laravel/framework/src/Illuminate/Redis/Connectors/PhpRedisConnector.php:155)
[stacktrace]
#0 /home/ploi/manager.tollgate.io/vendor/laravel/framework/src/Illuminate/Foundation/Bootstrap/HandleExceptions.php(231): Illuminate\\Foundation\\Bootstrap\\HandleExceptions->handleError()
#1 [internal function]: Illuminate\\Foundation\\Bootstrap\\HandleExceptions->Illuminate\\Foundation\\Bootstrap\\{closure}()
#2 /home/ploi/manager.tollgate.io/vendor/laravel/framework/src/Illuminate/Redis/Connectors/PhpRedisConnector.php(155): Redis->connect()
#3 /home/ploi/manager.tollgate.io/vendor/laravel/framework/src/Illuminate/Redis/Connectors/PhpRedisConnector.php(84): Illuminate\\Redis\\Connectors\\PhpRedisConnector->establishConnection()
#4 /home/ploi/manager.tollgate.io/vendor/laravel/framework/src/Illuminate/Support/helpers.php(302): Illuminate\\Redis\\Connectors\\PhpRedisConnector->Illuminate\\Redis\\Connectors\\{closure}()
#5 /home/ploi/manager.tollgate.io/vendor/laravel/framework/src/Illuminate/Redis/Connectors/PhpRedisConnector.php(125): tap()
#6 /home/ploi/manager.tollgate.io/vendor/laravel/framework/src/Illuminate/Redis/Connectors/PhpRedisConnector.php(28): Illuminate\\Redis\\Connectors\\PhpRedisConnector->createClient()
#7 /home/ploi/manager.tollgate.io/vendor/laravel/framework/src/Illuminate/Redis/Connectors/PhpRedisConnector.php(32): Illuminate\\Redis\\Connectors\\PhpRedisConnector->Illuminate\\Redis\\Connectors\\{closure}()
#8 /home/ploi/manager.tollgate.io/vendor/laravel/framework/src/Illuminate/Redis/RedisManager.php(112): Illuminate\\Redis\\Connectors\\PhpRedisConnector->connect()
#9 /home/ploi/manager.tollgate.io/vendor/laravel/framework/src/Illuminate/Redis/RedisManager.php(91): Illuminate\\Redis\\RedisManager->resolve()
#10 /home/ploi/manager.tollgate.io/vendor/laravel/framework/src/Illuminate/Cache/RedisStore.php(258): Illuminate\\Redis\\RedisManager->connection()
#11 /home/ploi/manager.tollgate.io/vendor/laravel/framework/src/Illuminate/Cache/RedisStore.php(62): Illuminate\\Cache\\RedisStore->connection()
#12 /home/ploi/manager.tollgate.io/vendor/laravel/framework/src/Illuminate/Cache/Repository.php(97): Illuminate\\Cache\\RedisStore->get()
#13 /home/ploi/manager.tollgate.io/vendor/laravel/framework/src/Illuminate/Session/CacheBasedSessionHandler.php(64): Illuminate\\Cache\\Repository->get()
#14 /home/ploi/manager.tollgate.io/vendor/laravel/framework/src/Illuminate/Session/Store.php(106): Illuminate\\Session\\CacheBasedSessionHandler->read()
#15 /home/ploi/manager.tollgate.io/vendor/laravel/framework/src/Illuminate/Session/Store.php(96): Illuminate\\Session\\Store->readFromHandler()
#16 /home/ploi/manager.tollgate.io/vendor/laravel/framework/src/Illuminate/Session/Store.php(80): Illuminate\\Session\\Store->loadSession()
#17 /home/ploi/manager.tollgate.io/vendor/laravel/framework/src/Illuminate/Session/Middleware/StartSession.php(147): Illuminate\\Session\\Store->start()
#18 /home/ploi/manager.tollgate.io/vendor/laravel/framework/src/Illuminate/Support/helpers.php(302): Illuminate\\Session\\Middleware\\StartSession->Illuminate\\Session\\Middleware\\{closure}()
#19 /home/ploi/manager.tollgate.io/vendor/laravel/framework/src/Illuminate/Session/Middleware/StartSession.php(148): tap()
#20 /home/ploi/manager.tollgate.io/vendor/laravel/framework/src/Illuminate/Session/Middleware/StartSession.php(116): Illuminate\\Session\\Middleware\\StartSession->startSession()
#21 /home/ploi/manager.tollgate.io/vendor/laravel/framework/src/Illuminate/Session/Middleware/StartSession.php(64): Illuminate\\Session\\Middleware\\StartSession->handleStatefulRequest()
#22 /home/ploi/manager.tollgate.io/vendor/laravel/framework/src/Illuminate/Pipeline/Pipeline.php(180): Illuminate\\Session\\Middleware\\StartSession->handle()
#23 /home/ploi/manager.tollgate.io/vendor/laravel/framework/src/Illuminate/Cookie/Middleware/AddQueuedCookiesToResponse.php(37): Illuminate\\Pipeline\\Pipeline->Illuminate\\Pipeline\\{closure}()
#24 /home/ploi/manager.tollgate.io/vendor/laravel/framework/src/Illuminate/Pipeline/Pipeline.php(180): Illuminate\\Cookie\\Middleware\\AddQueuedCookiesToResponse->handle()
#25 /home/ploi/manager.tollgate.io/vendor/laravel/framework/src/Illuminate/Cookie/Middleware/EncryptCookies.php(67): Illuminate\\Pipeline\\Pipeline->Illuminate\\Pipeline\\{closure}()
#26 /home/ploi/manager.tollgate.io/vendor/laravel/framework/src/Illuminate/Pipeline/Pipeline.php(180): Illuminate\\Cookie\\Middleware\\EncryptCookies->handle()
#27 /home/ploi/manager.tollgate.io/vendor/laravel/framework/src/Illuminate/Pipeline/Pipeline.php(116): Illuminate\\Pipeline\\Pipeline->Illuminate\\Pipeline\\{closure}()
#28 /home/ploi/manager.tollgate.io/vendor/laravel/framework/src/Illuminate/Routing/Router.php(726): Illuminate\\Pipeline\\Pipeline->then()
#29 /home/ploi/manager.tollgate.io/vendor/laravel/framework/src/Illuminate/Routing/Router.php(703): Illuminate\\Routing\\Router->runRouteWithinStack()
#30 /home/ploi/manager.tollgate.io/vendor/laravel/framework/src/Illuminate/Routing/Router.php(667): Illuminate\\Routing\\Router->runRoute()
#31 /home/ploi/manager.tollgate.io/vendor/laravel/framework/src/Illuminate/Routing/Router.php(656): Illuminate\\Routing\\Router->dispatchToRoute()
#32 /home/ploi/manager.tollgate.io/vendor/laravel/framework/src/Illuminate/Foundation/Http/Kernel.php(167): Illuminate\\Routing\\Router->dispatch()
#33 /home/ploi/manager.tollgate.io/vendor/laravel/framework/src/Illuminate/Pipeline/Pipeline.php(141): Illuminate\\Foundation\\Http\\Kernel->Illuminate\\Foundation\\Http\\{closure}()
#34 /home/ploi/manager.tollgate.io/vendor/laravel/nova/src/Http/Middleware/ServeNova.php(23): Illuminate\\Pipeline\\Pipeline->Illuminate\\Pipeline\\{closure}()
#35 /home/ploi/manager.tollgate.io/vendor/laravel/framework/src/Illuminate/Pipeline/Pipeline.php(180): Laravel\\Nova\\Http\\Middleware\\ServeNova->handle()
#36 /home/ploi/manager.tollgate.io/vendor/laravel/framework/src/Illuminate/Foundation/Http/Middleware/TransformsRequest.php(21): Illuminate\\Pipeline\\Pipeline->Illuminate\\Pipeline\\{closure}()
#37 /home/ploi/manager.tollgate.io/vendor/laravel/framework/src/Illuminate/Foundation/Http/Middleware/ConvertEmptyStringsToNull.php(31): Illuminate\\Foundation\\Http\\Middleware\\TransformsRequest->handle()
#38 /home/ploi/manager.tollgate.io/vendor/laravel/framework/src/Illuminate/Pipeline/Pipeline.php(180): Illuminate\\Foundation\\Http\\Middleware\\ConvertEmptyStringsToNull->handle()
#39 /home/ploi/manager.tollgate.io/vendor/laravel/framework/src/Illuminate/Foundation/Http/Middleware/TransformsRequest.php(21): Illuminate\\Pipeline\\Pipeline->Illuminate\\Pipeline\\{closure}()
#40 /home/ploi/manager.tollgate.io/vendor/laravel/framework/src/Illuminate/Foundation/Http/Middleware/TrimStrings.php(40): Illuminate\\Foundation\\Http\\Middleware\\TransformsRequest->handle()
#41 /home/ploi/manager.tollgate.io/vendor/laravel/framework/src/Illuminate/Pipeline/Pipeline.php(180): Illuminate\\Foundation\\Http\\Middleware\\TrimStrings->handle()
#42 /home/ploi/manager.tollgate.io/vendor/laravel/framework/src/Illuminate/Foundation/Http/Middleware/ValidatePostSize.php(27): Illuminate\\Pipeline\\Pipeline->Illuminate\\Pipeline\\{closure}()
#43 /home/ploi/manager.tollgate.io/vendor/laravel/framework/src/Illuminate/Pipeline/Pipeline.php(180): Illuminate\\Foundation\\Http\\Middleware\\ValidatePostSize->handle()
#44 /home/ploi/manager.tollgate.io/vendor/laravel/framework/src/Illuminate/Foundation/Http/Middleware/PreventRequestsDuringMaintenance.php(86): Illuminate\\Pipeline\\Pipeline->Illuminate\\Pipeline\\{closure}()
#45 /home/ploi/manager.tollgate.io/vendor/laravel/framework/src/Illuminate/Pipeline/Pipeline.php(180): Illuminate\\Foundation\\Http\\Middleware\\PreventRequestsDuringMaintenance->handle()
#46 /home/ploi/manager.tollgate.io/vendor/laravel/framework/src/Illuminate/Http/Middleware/HandleCors.php(49): Illuminate\\Pipeline\\Pipeline->Illuminate\\Pipeline\\{closure}()
#47 /home/ploi/manager.tollgate.io/vendor/laravel/framework/src/Illuminate/Pipeline/Pipeline.php(180): Illuminate\\Http\\Middleware\\HandleCors->handle()
#48 /home/ploi/manager.tollgate.io/vendor/laravel/framework/src/Illuminate/Http/Middleware/TrustProxies.php(39): Illuminate\\Pipeline\\Pipeline->Illuminate\\Pipeline\\{closure}()
#49 /home/ploi/manager.tollgate.io/vendor/laravel/framework/src/Illuminate/Pipeline/Pipeline.php(180): Illuminate\\Http\\Middleware\\TrustProxies->handle()
#50 /home/ploi/manager.tollgate.io/vendor/laravel/framework/src/Illuminate/Pipeline/Pipeline.php(116): Illuminate\\Pipeline\\Pipeline->Illuminate\\Pipeline\\{closure}()
#51 /home/ploi/manager.tollgate.io/vendor/laravel/framework/src/Illuminate/Foundation/Http/Kernel.php(142): Illuminate\\Pipeline\\Pipeline->then()
#52 /home/ploi/manager.tollgate.io/vendor/laravel/framework/src/Illuminate/Foundation/Http/Kernel.php(111): Illuminate\\Foundation\\Http\\Kernel->sendRequestThroughRouter()
#53 /home/ploi/manager.tollgate.io/public/index.php(52): Illuminate\\Foundation\\Http\\Kernel->handle()
#54 {main}
"} 
